TN:
SF:client\src\App.tsx
FN:23,(anonymous_0)
FN:27,(anonymous_1)
FN:31,(anonymous_2)
FN:41,(anonymous_3)
FN:56,App
FN:58,(anonymous_5)
FN:59,(anonymous_6)
FN:92,(anonymous_7)
FNF:8
FNH:0
FNDA:0,(anonymous_0)
FNDA:0,(anonymous_1)
FNDA:0,(anonymous_2)
FNDA:0,(anonymous_3)
FNDA:0,App
FNDA:0,(anonymous_5)
FNDA:0,(anonymous_6)
FNDA:0,(anonymous_7)
DA:21,0
DA:24,0
DA:28,0
DA:32,0
DA:33,0
DA:41,0
DA:51,0
DA:58,0
DA:59,0
DA:62,0
DA:65,0
DA:68,0
DA:69,0
DA:78,0
DA:81,0
DA:83,0
DA:85,0
DA:92,0
DA:104,0
DA:118,0
DA:119,0
DA:122,0
DA:123,0
DA:133,0
DA:135,0
LF:25
LH:0
BRDA:32,0,0,0
BRDA:32,0,1,0
BRDA:33,1,0,0
BRDA:33,1,1,0
BRDA:68,2,0,0
BRDA:68,2,1,0
BRDA:81,3,0,0
BRDA:81,3,1,0
BRDA:81,4,0,0
BRDA:81,4,1,0
BRDA:83,5,0,0
BRDA:83,5,1,0
BRDA:122,6,0,0
BRDA:122,6,1,0
BRDA:122,7,0,0
BRDA:122,7,1,0
BRDA:150,8,0,0
BRDA:150,8,1,0
BRF:18
BRH:0
end_of_record
TN:
SF:client\src\main.tsx
FN:13,handleRenderError
FN:43,(anonymous_1)
FN:81,(anonymous_2)
FN:86,(anonymous_3)
FN:94,(anonymous_4)
FN:97,(anonymous_5)
FN:102,(anonymous_6)
FN:107,(anonymous_7)
FN:119,(anonymous_8)
FNF:9
FNH:0
FNDA:0,handleRenderError
FNDA:0,(anonymous_1)
FNDA:0,(anonymous_2)
FNDA:0,(anonymous_3)
FNDA:0,(anonymous_4)
FNDA:0,(anonymous_5)
FNDA:0,(anonymous_6)
FNDA:0,(anonymous_7)
FNDA:0,(anonymous_8)
DA:14,0
DA:17,0
DA:18,0
DA:19,0
DA:20,0
DA:21,0
DA:22,0
DA:23,0
DA:24,0
DA:26,0
DA:27,0
DA:28,0
DA:29,0
DA:31,0
DA:32,0
DA:33,0
DA:35,0
DA:36,0
DA:37,0
DA:38,0
DA:39,0
DA:40,0
DA:41,0
DA:42,0
DA:43,0
DA:45,0
DA:46,0
DA:47,0
DA:50,0
DA:51,0
DA:52,0
DA:53,0
DA:58,0
DA:59,0
DA:60,0
DA:61,0
DA:64,0
DA:67,0
DA:70,0
DA:81,0
DA:83,0
DA:86,0
DA:87,0
DA:88,0
DA:94,0
DA:95,0
DA:98,0
DA:102,0
DA:103,0
DA:104,0
DA:107,0
DA:108,0
DA:109,0
DA:113,0
DA:114,0
DA:117,0
DA:118,0
DA:119,0
DA:120,0
DA:124,0
DA:125,0
LF:61
LH:0
BRDA:51,0,0,0
BRDA:51,0,1,0
BRDA:60,1,0,0
BRDA:60,1,1,0
BRDA:87,2,0,0
BRDA:87,2,1,0
BRDA:113,3,0,0
BRDA:113,3,1,0
BRDA:117,4,0,0
BRDA:117,4,1,0
BRF:10
BRH:0
end_of_record
TN:
SF:client\src\test-utils.tsx
FN:7,(anonymous_0)
FN:18,(anonymous_1)
FN:20,(anonymous_2)
FN:34,(anonymous_3)
FNF:4
FNH:0
FNDA:0,(anonymous_0)
FNDA:0,(anonymous_1)
FNDA:0,(anonymous_2)
FNDA:0,(anonymous_3)
DA:7,0
DA:18,0
DA:19,0
DA:20,0
DA:21,0
DA:34,0
DA:38,0
DA:39,0
LF:8
LH:0
BRDA:38,0,0,0
BRDA:38,0,1,0
BRF:2
BRH:0
end_of_record
TN:
SF:client\src\components\activity-timeline.tsx
FN:21,ActivityTimeline
FN:22,(anonymous_1)
FN:57,(anonymous_2)
FN:72,(anonymous_3)
FN:87,(anonymous_4)
FN:116,(anonymous_5)
FN:161,Button
FNF:7
FNH:0
FNDA:0,ActivityTimeline
FNDA:0,(anonymous_1)
FNDA:0,(anonymous_2)
FNDA:0,(anonymous_3)
FNDA:0,(anonymous_4)
FNDA:0,(anonymous_5)
FNDA:0,Button
DA:22,0
DA:23,0
DA:25,0
DA:31,0
DA:37,0
DA:43,0
DA:49,0
DA:57,0
DA:58,0
DA:60,0
DA:62,0
DA:64,0
DA:66,0
DA:68,0
DA:72,0
DA:73,0
DA:75,0
DA:77,0
DA:79,0
DA:81,0
DA:83,0
DA:87,0
DA:88,0
DA:89,0
DA:91,0
DA:92,0
DA:94,0
DA:95,0
DA:97,0
DA:98,0
DA:100,0
DA:103,0
DA:117,0
DA:162,0
LF:34
LH:0
BRDA:23,0,0,0
BRDA:23,0,1,0
BRDA:23,0,2,0
BRDA:23,0,3,0
BRDA:23,0,4,0
BRDA:58,1,0,0
BRDA:58,1,1,0
BRDA:58,1,2,0
BRDA:58,1,3,0
BRDA:58,1,4,0
BRDA:64,2,0,0
BRDA:64,2,1,0
BRDA:73,3,0,0
BRDA:73,3,1,0
BRDA:73,3,2,0
BRDA:73,3,3,0
BRDA:73,3,4,0
BRDA:79,4,0,0
BRDA:79,4,1,0
BRDA:91,5,0,0
BRDA:91,5,1,0
BRDA:92,6,0,0
BRDA:92,6,1,0
BRDA:95,7,0,0
BRDA:95,7,1,0
BRDA:95,8,0,0
BRDA:95,8,1,0
BRDA:98,9,0,0
BRDA:98,9,1,0
BRDA:98,10,0,0
BRDA:98,10,1,0
BRDA:111,11,0,0
BRDA:111,11,1,0
BRDA:119,12,0,0
BRDA:119,12,1,0
BRDA:149,13,0,0
BRDA:149,13,1,0
BRF:37
BRH:0
end_of_record
TN:
SF:client\src\components\analytics-dashboard.tsx
FN:70,AnalyticsDashboard
FN:74,(anonymous_1)
FN:109,(anonymous_2)
FN:117,(anonymous_3)
FN:119,(anonymous_4)
FN:132,(anonymous_5)
FN:208,(anonymous_6)
FN:210,(anonymous_7)
FN:214,(anonymous_8)
FN:290,(anonymous_9)
FN:342,(anonymous_10)
FNF:11
FNH:0
FNDA:0,AnalyticsDashboard
FNDA:0,(anonymous_1)
FNDA:0,(anonymous_2)
FNDA:0,(anonymous_3)
FNDA:0,(anonymous_4)
FNDA:0,(anonymous_5)
FNDA:0,(anonymous_6)
FNDA:0,(anonymous_7)
FNDA:0,(anonymous_8)
FNDA:0,(anonymous_9)
FNDA:0,(anonymous_10)
DA:67,0
DA:68,0
DA:71,0
DA:74,0
DA:75,0
DA:77,0
DA:79,0
DA:84,0
DA:89,0
DA:94,0
DA:99,0
DA:107,0
DA:110,0
DA:111,0
DA:112,0
DA:117,0
DA:119,0
DA:120,0
DA:123,0
DA:124,0
DA:133,0
DA:147,0
DA:148,0
DA:159,0
DA:208,0
DA:211,0
DA:214,0
DA:290,0
DA:342,0
LF:29
LH:0
BRDA:77,0,0,0
BRDA:77,0,1,0
BRDA:77,0,2,0
BRDA:77,0,3,0
BRDA:77,0,4,0
BRDA:123,1,0,0
BRDA:123,1,1,0
BRDA:147,2,0,0
BRDA:147,2,1,0
BRF:9
BRH:0
end_of_record
TN:
SF:client\src\components\audit-logs-panel.tsx
FN:27,formatDateWithTime
FN:38,(anonymous_1)
FN:42,(anonymous_2)
FN:47,(anonymous_3)
FN:67,(anonymous_4)
FN:89,AuditLogsPanel
FN:94,(anonymous_6)
FN:108,(anonymous_7)
FN:115,(anonymous_8)
FN:119,(anonymous_9)
FN:127,(anonymous_10)
FN:132,(anonymous_11)
FN:137,(anonymous_12)
FN:144,(anonymous_13)
FN:185,(anonymous_14)
FN:246,(anonymous_15)
FN:253,(anonymous_16)
FN:294,(anonymous_17)
FNF:18
FNH:0
FNDA:0,formatDateWithTime
FNDA:0,(anonymous_1)
FNDA:0,(anonymous_2)
FNDA:0,(anonymous_3)
FNDA:0,(anonymous_4)
FNDA:0,AuditLogsPanel
FNDA:0,(anonymous_6)
FNDA:0,(anonymous_7)
FNDA:0,(anonymous_8)
FNDA:0,(anonymous_9)
FNDA:0,(anonymous_10)
FNDA:0,(anonymous_11)
FNDA:0,(anonymous_12)
FNDA:0,(anonymous_13)
FNDA:0,(anonymous_14)
FNDA:0,(anonymous_15)
FNDA:0,(anonymous_16)
FNDA:0,(anonymous_17)
DA:28,0
DA:38,0
DA:39,0
DA:42,0
DA:47,0
DA:48,0
DA:50,0
DA:52,0
DA:54,0
DA:56,0
DA:58,0
DA:60,0
DA:62,0
DA:67,0
DA:68,0
DA:69,0
DA:70,0
DA:71,0
DA:75,0
DA:76,0
DA:79,0
DA:81,0
DA:90,0
DA:91,0
DA:94,0
DA:95,0
DA:96,0
DA:97,0
DA:106,0
DA:109,0
DA:112,0
DA:114,0
DA:115,0
DA:118,0
DA:119,0
DA:122,0
DA:127,0
DA:128,0
DA:132,0
DA:133,0
DA:137,0
DA:138,0
DA:139,0
DA:140,0
DA:144,0
DA:145,0
DA:146,0
DA:147,0
DA:151,0
DA:152,0
DA:169,0
DA:170,0
DA:185,0
DA:191,0
DA:247,0
DA:254,0
DA:255,0
DA:294,0
LF:58
LH:0
BRDA:48,0,0,0
BRDA:48,0,1,0
BRDA:48,0,2,0
BRDA:48,0,3,0
BRDA:48,0,4,0
BRDA:48,0,5,0
BRDA:48,0,6,0
BRDA:68,1,0,0
BRDA:68,1,1,0
BRDA:70,2,0,0
BRDA:70,2,1,0
BRDA:75,3,0,0
BRDA:75,3,1,0
BRDA:75,4,0,0
BRDA:75,4,1,0
BRDA:76,5,0,0
BRDA:76,5,1,0
BRDA:76,6,0,0
BRDA:76,6,1,0
BRDA:95,7,0,0
BRDA:95,7,1,0
BRDA:96,8,0,0
BRDA:96,8,1,0
BRDA:114,9,0,0
BRDA:114,9,1,0
BRDA:118,10,0,0
BRDA:118,10,1,0
BRDA:118,11,0,0
BRDA:118,11,1,0
BRDA:138,12,0,0
BRDA:138,12,1,0
BRDA:139,13,0,0
BRDA:139,13,1,0
BRDA:145,14,0,0
BRDA:145,14,1,0
BRDA:146,15,0,0
BRDA:146,15,1,0
BRDA:151,16,0,0
BRDA:151,16,1,0
BRDA:169,17,0,0
BRDA:169,17,1,0
BRDA:203,18,0,0
BRDA:203,18,1,0
BRDA:203,18,2,0
BRDA:233,19,0,0
BRDA:233,19,1,0
BRDA:233,20,0,0
BRDA:233,20,1,0
BRDA:241,21,0,0
BRDA:241,21,1,0
BRDA:251,22,0,0
BRDA:251,22,1,0
BRDA:265,23,0,0
BRDA:265,23,1,0
BRDA:271,24,0,0
BRDA:271,24,1,0
BRDA:273,25,0,0
BRDA:273,25,1,0
BRDA:292,26,0,0
BRDA:292,26,1,0
BRF:60
BRH:0
end_of_record
TN:
SF:client\src\components\navbar.tsx
FN:36,Navbar
FN:45,(anonymous_1)
FN:52,(anonymous_2)
FN:64,(anonymous_3)
FN:84,(anonymous_4)
FN:96,(anonymous_5)
FNF:6
FNH:0
FNDA:0,Navbar
FNDA:0,(anonymous_1)
FNDA:0,(anonymous_2)
FNDA:0,(anonymous_3)
FNDA:0,(anonymous_4)
FNDA:0,(anonymous_5)
DA:27,0
DA:37,0
DA:38,0
DA:39,0
DA:40,0
DA:45,0
DA:46,0
DA:47,0
DA:48,0
DA:52,0
DA:53,0
DA:56,0
DA:64,0
DA:84,0
DA:96,0
LF:15
LH:0
BRDA:47,0,0,0
BRDA:47,0,1,0
BRDA:67,1,0,0
BRDA:67,1,1,0
BRDA:70,2,0,0
BRDA:70,2,1,0
BRDA:70,2,2,0
BRDA:96,3,0,0
BRDA:96,3,1,0
BRDA:100,4,0,0
BRDA:100,4,1,0
BRDA:112,5,0,0
BRDA:112,5,1,0
BRF:13
BRH:0
end_of_record
TN:
SF:client\src\components\notification-center.tsx
FN:15,NotificationCenter
FN:23,(anonymous_1)
FN:25,(anonymous_2)
FN:31,(anonymous_3)
FN:36,(anonymous_4)
FN:44,(anonymous_5)
FN:134,getNotificationIcon
FN:175,getNotificationTitle
FN:189,formatTime
FNF:9
FNH:0
FNDA:0,NotificationCenter
FNDA:0,(anonymous_1)
FNDA:0,(anonymous_2)
FNDA:0,(anonymous_3)
FNDA:0,(anonymous_4)
FNDA:0,(anonymous_5)
FNDA:0,getNotificationIcon
FNDA:0,getNotificationTitle
FNDA:0,formatTime
DA:16,0
DA:17,0
DA:18,0
DA:19,0
DA:20,0
DA:23,0
DA:24,0
DA:25,0
DA:26,0
DA:31,0
DA:32,0
DA:36,0
DA:37,0
DA:38,0
DA:39,0
DA:44,0
DA:45,0
DA:47,0
DA:77,0
DA:135,0
DA:137,0
DA:148,0
DA:157,0
DA:166,0
DA:176,0
DA:178,0
DA:180,0
DA:182,0
DA:184,0
DA:190,0
DA:191,0
DA:192,0
DA:195,0
DA:196,0
DA:200,0
DA:201,0
DA:202,0
DA:206,0
DA:207,0
DA:208,0
DA:212,0
DA:213,0
DA:214,0
DA:218,0
LF:44
LH:0
BRDA:17,0,0,0
BRDA:17,0,1,0
BRDA:24,1,0,0
BRDA:24,1,1,0
BRDA:38,2,0,0
BRDA:38,2,1,0
BRDA:56,3,0,0
BRDA:56,3,1,0
BRDA:87,4,0,0
BRDA:87,4,1,0
BRDA:93,5,0,0
BRDA:93,5,1,0
BRDA:105,6,0,0
BRDA:105,6,1,0
BRDA:119,7,0,0
BRDA:119,7,1,0
BRDA:135,8,0,0
BRDA:135,8,1,0
BRDA:135,8,2,0
BRDA:135,8,3,0
BRDA:176,9,0,0
BRDA:176,9,1,0
BRDA:176,9,2,0
BRDA:176,9,3,0
BRDA:195,10,0,0
BRDA:195,10,1,0
BRDA:200,11,0,0
BRDA:200,11,1,0
BRDA:202,12,0,0
BRDA:202,12,1,0
BRDA:206,13,0,0
BRDA:206,13,1,0
BRDA:208,14,0,0
BRDA:208,14,1,0
BRDA:212,15,0,0
BRDA:212,15,1,0
BRDA:214,16,0,0
BRDA:214,16,1,0
BRF:38
BRH:0
end_of_record
TN:
SF:client\src\components\notification-preferences.tsx
FN:32,NotificationPreferences
FN:41,(anonymous_1)
FN:58,(anonymous_2)
FN:69,(anonymous_3)
FN:77,(anonymous_4)
FN:87,(anonymous_5)
FN:95,(anonymous_6)
FN:105,(anonymous_7)
FN:118,(anonymous_8)
FN:119,(anonymous_9)
FN:120,(anonymous_10)
FN:133,(anonymous_11)
FN:194,(anonymous_12)
FN:204,(anonymous_13)
FN:222,(anonymous_14)
FN:235,(anonymous_15)
FN:248,(anonymous_16)
FN:261,(anonymous_17)
FN:274,(anonymous_18)
FN:295,getChannelDisplayName
FN:308,getChannelDescription
FNF:21
FNH:0
FNDA:0,NotificationPreferences
FNDA:0,(anonymous_1)
FNDA:0,(anonymous_2)
FNDA:0,(anonymous_3)
FNDA:0,(anonymous_4)
FNDA:0,(anonymous_5)
FNDA:0,(anonymous_6)
FNDA:0,(anonymous_7)
FNDA:0,(anonymous_8)
FNDA:0,(anonymous_9)
FNDA:0,(anonymous_10)
FNDA:0,(anonymous_11)
FNDA:0,(anonymous_12)
FNDA:0,(anonymous_13)
FNDA:0,(anonymous_14)
FNDA:0,(anonymous_15)
FNDA:0,(anonymous_16)
FNDA:0,(anonymous_17)
FNDA:0,(anonymous_18)
FNDA:0,getChannelDisplayName
FNDA:0,getChannelDescription
DA:33,0
DA:34,0
DA:35,0
DA:36,0
DA:39,0
DA:42,0
DA:48,0
DA:49,0
DA:54,0
DA:57,0
DA:59,0
DA:66,0
DA:67,0
DA:70,0
DA:75,0
DA:78,0
DA:83,0
DA:87,0
DA:88,0
DA:89,0
DA:90,0
DA:95,0
DA:96,0
DA:97,0
DA:101,0
DA:105,0
DA:106,0
DA:107,0
DA:114,0
DA:118,0
DA:119,0
DA:120,0
DA:121,0
DA:122,0
DA:127,0
DA:133,0
DA:134,0
DA:137,0
DA:138,0
DA:168,0
DA:169,0
DA:178,0
DA:179,0
DA:187,0
DA:195,0
DA:204,0
DA:222,0
DA:235,0
DA:248,0
DA:261,0
DA:274,0
DA:296,0
DA:298,0
DA:300,0
DA:302,0
DA:304,0
DA:309,0
DA:311,0
DA:313,0
DA:315,0
DA:317,0
LF:61
LH:0
BRDA:48,0,0,0
BRDA:48,0,1,0
BRDA:66,1,0,0
BRDA:66,1,1,0
BRDA:88,2,0,0
BRDA:88,2,1,0
BRDA:121,3,0,0
BRDA:121,3,1,0
BRDA:137,4,0,0
BRDA:137,4,1,0
BRDA:137,5,0,0
BRDA:137,5,1,0
BRDA:168,6,0,0
BRDA:168,6,1,0
BRDA:178,7,0,0
BRDA:178,7,1,0
BRDA:178,8,0,0
BRDA:178,8,1,0
BRDA:210,9,0,0
BRDA:210,9,1,0
BRDA:287,10,0,0
BRDA:287,10,1,0
BRDA:296,11,0,0
BRDA:296,11,1,0
BRDA:296,11,2,0
BRDA:296,11,3,0
BRDA:309,12,0,0
BRDA:309,12,1,0
BRDA:309,12,2,0
BRDA:309,12,3,0
BRF:30
BRH:0
end_of_record
TN:
SF:client\src\components\quick-task-button.tsx
FN:9,QuickTaskButton
FN:16,(anonymous_1)
FN:26,(anonymous_2)
FNF:3
FNH:0
FNDA:0,QuickTaskButton
FNDA:0,(anonymous_1)
FNDA:0,(anonymous_2)
DA:10,0
DA:12,0
DA:16,0
DA:26,0
LF:4
LH:0
BRF:0
BRH:0
end_of_record
TN:
SF:client\src\components\recurring-tasks-panel.tsx
FN:42,formatDate
FN:54,RecurringTasksPanel
FN:62,(anonymous_2)
FN:70,(anonymous_3)
FN:75,(anonymous_4)
FN:86,(anonymous_5)
FN:98,(anonymous_6)
FN:103,(anonymous_7)
FN:151,(anonymous_8)
FN:181,(anonymous_9)
FN:215,(anonymous_10)
FNF:11
FNH:0
FNDA:0,formatDate
FNDA:0,RecurringTasksPanel
FNDA:0,(anonymous_2)
FNDA:0,(anonymous_3)
FNDA:0,(anonymous_4)
FNDA:0,(anonymous_5)
FNDA:0,(anonymous_6)
FNDA:0,(anonymous_7)
FNDA:0,(anonymous_8)
FNDA:0,(anonymous_9)
FNDA:0,(anonymous_10)
DA:43,0
DA:55,0
DA:56,0
DA:57,0
DA:60,0
DA:63,0
DA:64,0
DA:69,0
DA:71,0
DA:72,0
DA:73,0
DA:76,0
DA:82,0
DA:83,0
DA:84,0
DA:87,0
DA:88,0
DA:93,0
DA:98,0
DA:99,0
DA:103,0
DA:104,0
DA:106,0
DA:108,0
DA:110,0
DA:112,0
DA:117,0
DA:118,0
DA:135,0
DA:136,0
DA:151,0
DA:159,0
DA:182,0
DA:215,0
LF:34
LH:0
BRDA:104,0,0,0
BRDA:104,0,1,0
BRDA:104,0,2,0
BRDA:104,0,3,0
BRDA:117,1,0,0
BRDA:117,1,1,0
BRDA:135,2,0,0
BRDA:135,2,1,0
BRDA:169,3,0,0
BRDA:169,3,1,0
BRDA:169,4,0,0
BRDA:169,4,1,0
BRDA:187,5,0,0
BRDA:187,5,1,0
BRDA:189,6,0,0
BRDA:189,6,1,0
BRDA:195,7,0,0
BRDA:195,7,1,0
BRDA:196,8,0,0
BRDA:196,8,1,0
BRDA:197,9,0,0
BRDA:197,9,1,0
BRDA:220,10,0,0
BRDA:220,10,1,0
BRF:24
BRH:0
end_of_record
TN:
SF:client\src\components\sidebar.tsx
FN:20,Sidebar
FN:24,(anonymous_1)
FN:28,(anonymous_2)
FN:47,(anonymous_3)
FNF:4
FNH:0
FNDA:0,Sidebar
FNDA:0,(anonymous_1)
FNDA:0,(anonymous_2)
FNDA:0,(anonymous_3)
DA:21,0
DA:22,0
DA:24,0
DA:25,0
DA:28,0
DA:29,0
DA:30,0
DA:34,0
DA:47,0
LF:9
LH:0
BRDA:29,0,0,0
BRDA:29,0,1,0
BRDA:38,1,0,0
BRDA:38,1,1,0
BRDA:62,2,0,0
BRDA:62,2,1,0
BRDA:62,2,2,0
BRDA:75,3,0,0
BRDA:75,3,1,0
BRDA:90,4,0,0
BRDA:90,4,1,0
BRDA:103,5,0,0
BRDA:103,5,1,0
BRF:13
BRH:0
end_of_record
TN:
SF:client\src\components\stats-card.tsx
FN:10,StatsCard
FN:11,(anonymous_1)
FN:26,(anonymous_2)
FNF:3
FNH:0
FNDA:0,StatsCard
FNDA:0,(anonymous_1)
FNDA:0,(anonymous_2)
DA:11,0
DA:12,0
DA:14,0
DA:16,0
DA:18,0
DA:20,0
DA:22,0
DA:26,0
DA:27,0
DA:29,0
DA:31,0
DA:33,0
DA:35,0
DA:37,0
DA:41,0
LF:15
LH:0
BRDA:12,0,0,0
BRDA:12,0,1,0
BRDA:12,0,2,0
BRDA:12,0,3,0
BRDA:12,0,4,0
BRDA:27,1,0,0
BRDA:27,1,1,0
BRDA:27,1,2,0
BRDA:27,1,3,0
BRDA:27,1,4,0
BRF:10
BRH:0
end_of_record
TN:
SF:client\src\components\task-card.tsx
FN:37,TaskCard
FN:76,(anonymous_1)
FN:81,(anonymous_2)
FN:84,(anonymous_3)
FN:114,(anonymous_4)
FNF:5
FNH:0
FNDA:0,TaskCard
FNDA:0,(anonymous_1)
FNDA:0,(anonymous_2)
FNDA:0,(anonymous_3)
FNDA:0,(anonymous_4)
DA:26,0
DA:38,0
DA:39,0
DA:42,0
DA:44,0
DA:76,0
DA:81,0
DA:84,0
DA:114,0
LF:9
LH:0
BRDA:38,0,0,0
BRDA:38,0,1,0
BRDA:42,1,0,0
BRDA:42,1,1,0
BRDA:50,2,0,0
BRDA:50,2,1,0
BRDA:64,3,0,0
BRDA:64,3,1,0
BRDA:65,4,0,0
BRDA:65,4,1,0
BRDA:67,5,0,0
BRDA:67,5,1,0
BRDA:90,6,0,0
BRDA:90,6,1,0
BRDA:107,7,0,0
BRDA:107,7,1,0
BRF:16
BRH:0
end_of_record
TN:
SF:client\src\components\task-filter.tsx
FN:24,TaskFilter
FN:29,(anonymous_1)
FN:30,(anonymous_2)
FN:32,(anonymous_3)
FN:45,(anonymous_4)
FN:46,(anonymous_5)
FN:48,(anonymous_6)
FN:61,(anonymous_7)
FN:72,(anonymous_8)
FN:94,(anonymous_9)
FN:101,(anonymous_10)
FN:108,(anonymous_11)
FN:118,(anonymous_12)
FN:125,(anonymous_13)
FN:132,(anonymous_14)
FN:142,(anonymous_15)
FN:149,(anonymous_16)
FN:156,(anonymous_17)
FN:163,(anonymous_18)
FNF:19
FNH:0
FNDA:0,TaskFilter
FNDA:0,(anonymous_1)
FNDA:0,(anonymous_2)
FNDA:0,(anonymous_3)
FNDA:0,(anonymous_4)
FNDA:0,(anonymous_5)
FNDA:0,(anonymous_6)
FNDA:0,(anonymous_7)
FNDA:0,(anonymous_8)
FNDA:0,(anonymous_9)
FNDA:0,(anonymous_10)
FNDA:0,(anonymous_11)
FNDA:0,(anonymous_12)
FNDA:0,(anonymous_13)
FNDA:0,(anonymous_14)
FNDA:0,(anonymous_15)
FNDA:0,(anonymous_16)
FNDA:0,(anonymous_17)
FNDA:0,(anonymous_18)
DA:25,0
DA:26,0
DA:27,0
DA:29,0
DA:30,0
DA:31,0
DA:32,0
DA:35,0
DA:41,0
DA:45,0
DA:46,0
DA:47,0
DA:48,0
DA:51,0
DA:57,0
DA:61,0
DA:62,0
DA:63,0
DA:65,0
DA:72,0
DA:73,0
DA:74,0
DA:75,0
DA:77,0
DA:80,0
DA:94,0
DA:101,0
DA:108,0
DA:118,0
DA:125,0
DA:132,0
DA:142,0
DA:149,0
DA:156,0
DA:163,0
LF:35
LH:0
BRDA:31,0,0,0
BRDA:31,0,1,0
BRDA:36,1,0,0
BRDA:36,1,1,0
BRDA:37,2,0,0
BRDA:37,2,1,0
BRDA:38,3,0,0
BRDA:38,3,1,0
BRDA:47,4,0,0
BRDA:47,4,1,0
BRDA:52,5,0,0
BRDA:52,5,1,0
BRDA:53,6,0,0
BRDA:53,6,1,0
BRDA:54,7,0,0
BRDA:54,7,1,0
BRDA:62,8,0,0
BRDA:62,8,1,0
BRDA:66,9,0,0
BRDA:66,9,1,0
BRDA:67,10,0,0
BRDA:67,10,1,0
BRDA:68,11,0,0
BRDA:68,11,1,0
BRDA:86,12,0,0
BRDA:86,12,1,0
BRDA:86,12,2,0
BRDA:86,12,3,0
BRDA:98,13,0,0
BRDA:98,13,1,0
BRDA:105,14,0,0
BRDA:105,14,1,0
BRDA:112,15,0,0
BRDA:112,15,1,0
BRDA:122,16,0,0
BRDA:122,16,1,0
BRDA:129,17,0,0
BRDA:129,17,1,0
BRDA:136,18,0,0
BRDA:136,18,1,0
BRDA:146,19,0,0
BRDA:146,19,1,0
BRDA:153,20,0,0
BRDA:153,20,1,0
BRDA:160,21,0,0
BRDA:160,21,1,0
BRDA:167,22,0,0
BRDA:167,22,1,0
BRDA:170,23,0,0
BRDA:170,23,1,0
BRDA:170,23,2,0
BRDA:170,23,3,0
BRF:52
BRH:0
end_of_record
TN:
SF:client\src\components\task-form.tsx
FN:47,TaskForm
FN:95,(anonymous_1)
FN:139,(anonymous_2)
FN:196,(anonymous_3)
FN:201,(anonymous_4)
FN:218,(anonymous_5)
FN:223,(anonymous_6)
FN:258,(anonymous_7)
FN:262,(anonymous_8)
FN:273,(anonymous_9)
FN:284,(anonymous_10)
FN:288,(anonymous_11)
FN:299,(anonymous_12)
FN:309,(anonymous_13)
FN:351,(anonymous_14)
FN:365,(anonymous_15)
FN:384,(anonymous_16)
FN:411,(anonymous_17)
FN:440,(anonymous_18)
FN:447,(anonymous_19)
FN:461,(anonymous_20)
FN:469,(anonymous_21)
FN:500,(anonymous_22)
FN:538,(anonymous_23)
FN:564,(anonymous_24)
FN:591,(anonymous_25)
FN:598,(anonymous_26)
FNF:27
FNH:0
FNDA:0,TaskForm
FNDA:0,(anonymous_1)
FNDA:0,(anonymous_2)
FNDA:0,(anonymous_3)
FNDA:0,(anonymous_4)
FNDA:0,(anonymous_5)
FNDA:0,(anonymous_6)
FNDA:0,(anonymous_7)
FNDA:0,(anonymous_8)
FNDA:0,(anonymous_9)
FNDA:0,(anonymous_10)
FNDA:0,(anonymous_11)
FNDA:0,(anonymous_12)
FNDA:0,(anonymous_13)
FNDA:0,(anonymous_14)
FNDA:0,(anonymous_15)
FNDA:0,(anonymous_16)
FNDA:0,(anonymous_17)
FNDA:0,(anonymous_18)
FNDA:0,(anonymous_19)
FNDA:0,(anonymous_20)
FNDA:0,(anonymous_21)
FNDA:0,(anonymous_22)
FNDA:0,(anonymous_23)
FNDA:0,(anonymous_24)
FNDA:0,(anonymous_25)
FNDA:0,(anonymous_26)
DA:48,0
DA:50,0
DA:51,0
DA:54,0
DA:57,0
DA:75,0
DA:95,0
DA:96,0
DA:97,0
DA:113,0
DA:114,0
DA:116,0
DA:119,0
DA:132,0
DA:137,0
DA:140,0
DA:141,0
DA:144,0
DA:145,0
DA:147,0
DA:156,0
DA:157,0
DA:158,0
DA:160,0
DA:164,0
DA:165,0
DA:168,0
DA:170,0
DA:172,0
DA:173,0
DA:176,0
DA:179,0
DA:180,0
DA:181,0
DA:184,0
DA:186,0
DA:188,0
DA:196,0
DA:197,0
DA:199,0
DA:200,0
DA:201,0
DA:202,0
DA:205,0
DA:209,0
DA:210,0
DA:211,0
DA:212,0
DA:218,0
DA:219,0
DA:220,0
DA:223,0
DA:224,0
DA:225,0
DA:226,0
DA:228,0
DA:235,0
DA:236,0
DA:237,0
DA:240,0
DA:241,0
DA:244,0
DA:245,0
DA:248,0
DA:252,0
DA:257,0
DA:259,0
DA:260,0
DA:263,0
DA:264,0
DA:265,0
DA:266,0
DA:267,0
DA:271,0
DA:274,0
DA:283,0
DA:285,0
DA:286,0
DA:289,0
DA:290,0
DA:291,0
DA:292,0
DA:293,0
DA:297,0
DA:300,0
DA:309,0
DA:310,0
DA:319,0
DA:320,0
DA:321,0
DA:324,0
DA:326,0
DA:327,0
DA:332,0
DA:339,0
DA:352,0
DA:366,0
DA:385,0
DA:412,0
DA:441,0
DA:448,0
DA:449,0
DA:463,0
DA:465,0
DA:471,0
DA:472,0
DA:474,0
DA:501,0
DA:539,0
DA:565,0
DA:592,0
DA:598,0
LF:112
LH:0
BRDA:54,0,0,0
BRDA:54,0,1,0
BRDA:78,1,0,0
BRDA:78,1,1,0
BRDA:79,2,0,0
BRDA:79,2,1,0
BRDA:80,3,0,0
BRDA:80,3,1,0
BRDA:81,4,0,0
BRDA:81,4,1,0
BRDA:82,5,0,0
BRDA:82,5,1,0
BRDA:84,6,0,0
BRDA:84,6,1,0
BRDA:86,7,0,0
BRDA:86,7,1,0
BRDA:87,8,0,0
BRDA:87,8,1,0
BRDA:88,9,0,0
BRDA:88,9,1,0
BRDA:96,10,0,0
BRDA:96,10,1,0
BRDA:99,11,0,0
BRDA:99,11,1,0
BRDA:102,12,0,0
BRDA:102,12,1,0
BRDA:103,13,0,0
BRDA:103,13,1,0
BRDA:104,14,0,0
BRDA:104,14,1,0
BRDA:107,15,0,0
BRDA:107,15,1,0
BRDA:108,16,0,0
BRDA:108,16,1,0
BRDA:113,17,0,0
BRDA:113,17,1,0
BRDA:137,18,0,0
BRDA:156,19,0,0
BRDA:156,19,1,0
BRDA:179,20,0,0
BRDA:179,20,1,0
BRDA:199,21,0,0
BRDA:199,21,1,0
BRDA:202,22,0,0
BRDA:202,22,1,0
BRDA:209,23,0,0
BRDA:209,23,1,0
BRDA:209,24,0,0
BRDA:209,24,1,0
BRDA:211,25,0,0
BRDA:211,25,1,0
BRDA:219,26,0,0
BRDA:219,26,1,0
BRDA:219,27,0,0
BRDA:219,27,1,0
BRDA:219,27,2,0
BRDA:235,28,0,0
BRDA:235,28,1,0
BRDA:244,29,0,0
BRDA:244,29,1,0
BRDA:244,30,0,0
BRDA:244,30,1,0
BRDA:313,31,0,0
BRDA:313,31,1,0
BRDA:314,32,0,0
BRDA:314,32,1,0
BRDA:319,33,0,0
BRDA:319,33,1,0
BRDA:319,34,0,0
BRDA:319,34,1,0
BRDA:326,35,0,0
BRDA:326,35,1,0
BRDA:343,36,0,0
BRDA:343,36,1,0
BRDA:372,37,0,0
BRDA:372,37,1,0
BRDA:446,38,0,0
BRDA:446,38,1,0
BRDA:471,39,0,0
BRDA:471,39,1,0
BRDA:474,40,0,0
BRDA:474,40,1,0
BRDA:477,41,0,0
BRDA:477,41,1,0
BRDA:478,42,0,0
BRDA:478,42,1,0
BRDA:487,43,0,0
BRDA:487,43,1,0
BRDA:492,44,0,0
BRDA:492,44,1,0
BRDA:511,45,0,0
BRDA:511,45,1,0
BRDA:520,46,0,0
BRDA:520,46,1,0
BRDA:559,47,0,0
BRDA:559,47,1,0
BRDA:597,48,0,0
BRDA:597,48,1,0
BRDA:615,49,0,0
BRDA:615,49,1,0
BRDA:616,50,0,0
BRDA:616,50,1,0
BRF:102
BRH:0
end_of_record
TN:
SF:client\src\components\task-mood-reactions.tsx
FN:42,TaskMoodReactions
FN:51,(anonymous_1)
FN:58,(anonymous_2)
FN:65,(anonymous_3)
FN:69,(anonymous_4)
FN:82,(anonymous_5)
FN:91,(anonymous_6)
FN:111,(anonymous_7)
FN:116,(anonymous_8)
FN:132,(anonymous_9)
FN:152,(anonymous_10)
FNF:11
FNH:0
FNDA:0,TaskMoodReactions
FNDA:0,(anonymous_1)
FNDA:0,(anonymous_2)
FNDA:0,(anonymous_3)
FNDA:0,(anonymous_4)
FNDA:0,(anonymous_5)
FNDA:0,(anonymous_6)
FNDA:0,(anonymous_7)
FNDA:0,(anonymous_8)
FNDA:0,(anonymous_9)
FNDA:0,(anonymous_10)
DA:33,0
DA:43,0
DA:44,0
DA:45,0
DA:46,0
DA:49,0
DA:52,0
DA:53,0
DA:58,0
DA:59,0
DA:60,0
DA:64,0
DA:66,0
DA:67,0
DA:71,0
DA:72,0
DA:75,0
DA:77,0
DA:83,0
DA:91,0
DA:92,0
DA:94,0
DA:100,0
DA:101,0
DA:104,0
DA:105,0
DA:108,0
DA:112,0
DA:116,0
DA:132,0
DA:153,0
LF:31
LH:0
BRDA:49,0,0,0
BRDA:59,1,0,0
BRDA:59,1,1,0
BRDA:92,2,0,0
BRDA:92,2,1,0
BRDA:96,3,0,0
BRDA:96,3,1,0
BRDA:100,4,0,0
BRDA:100,4,1,0
BRDA:104,5,0,0
BRDA:104,5,1,0
BRDA:114,6,0,0
BRDA:114,6,1,0
BRDA:116,7,0,0
BRDA:116,7,1,0
BRDA:119,8,0,0
BRDA:119,8,1,0
BRDA:121,9,0,0
BRDA:121,9,1,0
BRDA:126,10,0,0
BRDA:126,10,1,0
BRDA:141,11,0,0
BRDA:141,11,1,0
BRDA:147,12,0,0
BRDA:147,12,1,0
BRDA:155,13,0,0
BRDA:155,13,1,0
BRDA:155,14,0,0
BRDA:155,14,1,0
BRDA:162,15,0,0
BRDA:162,15,1,0
BRDA:163,16,0,0
BRDA:163,16,1,0
BRDA:168,17,0,0
BRDA:168,17,1,0
BRF:35
BRH:0
end_of_record
TN:
SF:client\src\components\task-table.tsx
FN:31,TaskTable
FN:32,(anonymous_1)
FN:34,(anonymous_2)
FN:58,(anonymous_3)
FN:111,(anonymous_4)
FN:114,(anonymous_5)
FNF:6
FNH:0
FNDA:0,TaskTable
FNDA:0,(anonymous_1)
FNDA:0,(anonymous_2)
FNDA:0,(anonymous_3)
FNDA:0,(anonymous_4)
FNDA:0,(anonymous_5)
DA:32,0
DA:33,0
DA:34,0
DA:37,0
DA:59,0
DA:60,0
DA:62,0
DA:111,0
DA:114,0
LF:9
LH:0
BRDA:33,0,0,0
BRDA:33,0,1,0
BRDA:51,1,0,0
BRDA:51,1,1,0
BRDA:60,2,0,0
BRDA:60,2,1,0
BRDA:67,3,0,0
BRDA:67,3,1,0
BRDA:69,4,0,0
BRDA:69,4,1,0
BRDA:87,5,0,0
BRDA:87,5,1,0
BRDA:103,6,0,0
BRDA:103,6,1,0
BRDA:106,7,0,0
BRDA:106,7,1,0
BRDA:107,8,0,0
BRDA:107,8,1,0
BRF:18
BRH:0
end_of_record
TN:
SF:client\src\components\theme-provider.tsx
FN:18,(anonymous_0)
FN:23,ThemeProvider
FN:30,(anonymous_2)
FN:33,(anonymous_3)
FN:51,(anonymous_4)
FN:64,(anonymous_5)
FNF:6
FNH:0
FNDA:0,(anonymous_0)
FNDA:0,ThemeProvider
FNDA:0,(anonymous_2)
FNDA:0,(anonymous_3)
FNDA:0,(anonymous_4)
FNDA:0,(anonymous_5)
DA:16,0
DA:18,0
DA:21,0
DA:29,0
DA:30,0
DA:33,0
DA:34,0
DA:35,0
DA:37,0
DA:38,0
DA:42,0
DA:43,0
DA:46,0
DA:49,0
DA:52,0
DA:53,0
DA:57,0
DA:64,0
DA:65,0
DA:66,0
DA:67,0
DA:69,0
LF:22
LH:0
BRDA:25,0,0,0
BRDA:26,1,0,0
BRDA:30,2,0,0
BRDA:30,2,1,0
BRDA:37,3,0,0
BRDA:37,3,1,0
BRDA:38,4,0,0
BRDA:38,4,1,0
BRDA:66,5,0,0
BRDA:66,5,1,0
BRF:10
BRH:0
end_of_record
TN:
SF:client\src\components\ui\accordion.tsx
FN:12,(anonymous_0)
FN:24,(anonymous_1)
FN:44,(anonymous_2)
FNF:3
FNH:0
FNDA:0,(anonymous_0)
FNDA:0,(anonymous_1)
FNDA:0,(anonymous_2)
DA:7,0
DA:9,0
DA:13,0
DA:19,0
DA:21,0
DA:25,0
DA:39,0
DA:41,0
DA:45,0
DA:54,0
LF:10
LH:0
BRF:0
BRH:0
end_of_record
TN:
SF:client\src\components\ui\alert-dialog.tsx
FN:16,(anonymous_0)
FN:31,(anonymous_1)
FN:46,(anonymous_2)
FN:60,(anonymous_3)
FN:77,(anonymous_4)
FN:89,(anonymous_5)
FN:102,(anonymous_6)
FN:114,(anonymous_7)
FNF:8
FNH:0
FNDA:0,(anonymous_0)
FNDA:0,(anonymous_1)
FNDA:0,(anonymous_2)
FNDA:0,(anonymous_3)
FNDA:0,(anonymous_4)
FNDA:0,(anonymous_5)
FNDA:0,(anonymous_6)
FNDA:0,(anonymous_7)
DA:7,0
DA:9,0
DA:11,0
DA:13,0
DA:17,0
DA:26,0
DA:28,0
DA:32,0
DA:44,0
DA:46,0
DA:50,0
DA:58,0
DA:60,0
DA:64,0
DA:72,0
DA:74,0
DA:78,0
DA:84,0
DA:86,0
DA:90,0
DA:96,0
DA:99,0
DA:103,0
DA:109,0
DA:111,0
DA:115,0
DA:125,0
LF:27
LH:0
BRF:0
BRH:0
end_of_record
TN:
SF:client\src\components\ui\alert.tsx
FN:25,(anonymous_0)
FN:38,(anonymous_1)
FN:50,(anonymous_2)
FNF:3
FNH:0
FNDA:0,(anonymous_0)
FNDA:0,(anonymous_1)
FNDA:0,(anonymous_2)
DA:6,0
DA:22,0
DA:26,0
DA:33,0
DA:35,0
DA:39,0
DA:45,0
DA:47,0
DA:51,0
DA:57,0
LF:10
LH:0
BRF:0
BRH:0
end_of_record
TN:
SF:client\src\components\ui\aspect-ratio.tsx
FNF:0
FNH:0
DA:3,0
LF:1
LH:0
BRF:0
BRH:0
end_of_record
TN:
SF:client\src\components\ui\avatar.tsx
FN:11,(anonymous_0)
FN:26,(anonymous_1)
FN:38,(anonymous_2)
FNF:3
FNH:0
FNDA:0,(anonymous_0)
FNDA:0,(anonymous_1)
FNDA:0,(anonymous_2)
DA:8,0
DA:12,0
DA:21,0
DA:23,0
DA:27,0
DA:33,0
DA:35,0
DA:39,0
DA:48,0
LF:9
LH:0
BRF:0
BRH:0
end_of_record
TN:
SF:client\src\components\ui\badge.tsx
FN:30,Badge
FNF:1
FNH:0
FNDA:0,Badge
DA:6,0
DA:31,0
LF:2
LH:0
BRF:0
BRH:0
end_of_record
TN:
SF:client\src\components\ui\breadcrumb.tsx
FN:12,(anonymous_0)
FN:18,(anonymous_1)
FN:33,(anonymous_2)
FN:47,(anonymous_3)
FN:63,(anonymous_4)
FN:75,(anonymous_5)
FN:91,(anonymous_6)
FNF:7
FNH:0
FNDA:0,(anonymous_0)
FNDA:0,(anonymous_1)
FNDA:0,(anonymous_2)
FNDA:0,(anonymous_3)
FNDA:0,(anonymous_4)
FNDA:0,(anonymous_5)
FNDA:0,(anonymous_6)
DA:7,0
DA:12,0
DA:13,0
DA:15,0
DA:19,0
DA:28,0
DA:30,0
DA:34,0
DA:40,0
DA:42,0
DA:48,0
DA:50,0
DA:58,0
DA:60,0
DA:64,0
DA:73,0
DA:75,0
DA:80,0
DA:89,0
DA:91,0
DA:95,0
DA:105,0
LF:22
LH:0
BRDA:48,0,0,0
BRDA:48,0,1,0
BRDA:86,1,0,0
BRDA:86,1,1,0
BRF:4
BRH:0
end_of_record
TN:
SF:client\src\components\ui\button.tsx
FN:43,(anonymous_0)
FNF:1
FNH:0
FNDA:0,(anonymous_0)
DA:7,0
DA:42,0
DA:44,0
DA:45,0
DA:54,0
LF:5
LH:0
BRDA:43,0,0,0
BRDA:44,1,0,0
BRDA:44,1,1,0
BRF:3
BRH:0
end_of_record
TN:
SF:client\src\components\ui\calendar.tsx
FN:10,Calendar
FN:55,(anonymous_1)
FN:58,(anonymous_2)
FNF:3
FNH:0
FNDA:0,Calendar
FNDA:0,(anonymous_1)
FNDA:0,(anonymous_2)
DA:16,0
DA:56,0
DA:59,0
DA:66,0
LF:4
LH:0
BRDA:13,0,0,0
BRF:1
BRH:0
end_of_record
TN:
SF:client\src\components\ui\card.tsx
FN:8,(anonymous_0)
FN:23,(anonymous_1)
FN:35,(anonymous_2)
FN:50,(anonymous_3)
FN:62,(anonymous_4)
FN:70,(anonymous_5)
FNF:6
FNH:0
FNDA:0,(anonymous_0)
FNDA:0,(anonymous_1)
FNDA:0,(anonymous_2)
FNDA:0,(anonymous_3)
FNDA:0,(anonymous_4)
FNDA:0,(anonymous_5)
DA:5,0
DA:9,0
DA:18,0
DA:20,0
DA:24,0
DA:30,0
DA:32,0
DA:36,0
DA:45,0
DA:47,0
DA:51,0
DA:57,0
DA:59,0
DA:63,0
DA:65,0
DA:67,0
DA:71,0
DA:77,0
LF:18
LH:0
BRF:0
BRH:0
end_of_record
TN:
SF:client\src\components\ui\carousel.tsx
FN:33,useCarousel
FN:47,(anonymous_1)
FN:69,(anonymous_2)
FN:78,(anonymous_3)
FN:82,(anonymous_4)
FN:87,(anonymous_5)
FN:99,(anonymous_6)
FN:107,(anonymous_7)
FN:116,(anonymous_8)
FN:154,(anonymous_9)
FN:176,(anonymous_10)
FN:198,(anonymous_11)
FN:227,(anonymous_12)
FNF:13
FNH:0
FNDA:0,useCarousel
FNDA:0,(anonymous_1)
FNDA:0,(anonymous_2)
FNDA:0,(anonymous_3)
FNDA:0,(anonymous_4)
FNDA:0,(anonymous_5)
FNDA:0,(anonymous_6)
FNDA:0,(anonymous_7)
FNDA:0,(anonymous_8)
FNDA:0,(anonymous_9)
FNDA:0,(anonymous_10)
FNDA:0,(anonymous_11)
FNDA:0,(anonymous_12)
DA:31,0
DA:34,0
DA:36,0
DA:37,0
DA:40,0
DA:43,0
DA:59,0
DA:66,0
DA:67,0
DA:69,0
DA:70,0
DA:71,0
DA:74,0
DA:75,0
DA:78,0
DA:79,0
DA:82,0
DA:83,0
DA:86,0
DA:88,0
DA:89,0
DA:90,0
DA:91,0
DA:92,0
DA:93,0
DA:99,0
DA:100,0
DA:101,0
DA:104,0
DA:107,0
DA:108,0
DA:109,0
DA:112,0
DA:113,0
DA:114,0
DA:116,0
DA:117,0
DA:121,0
DA:149,0
DA:151,0
DA:155,0
DA:157,0
DA:171,0
DA:173,0
DA:177,0
DA:179,0
DA:193,0
DA:195,0
DA:199,0
DA:201,0
DA:222,0
DA:224,0
DA:228,0
DA:230,0
DA:251,0
LF:55
LH:0
BRDA:36,0,0,0
BRDA:36,0,1,0
BRDA:49,1,0,0
BRDA:62,2,0,0
BRDA:62,2,1,0
BRDA:70,3,0,0
BRDA:70,3,1,0
BRDA:88,4,0,0
BRDA:88,4,1,0
BRDA:91,5,0,0
BRDA:91,5,1,0
BRDA:100,6,0,0
BRDA:100,6,1,0
BRDA:100,7,0,0
BRDA:100,7,1,0
BRDA:108,8,0,0
BRDA:108,8,1,0
BRDA:128,9,0,0
BRDA:128,9,1,0
BRDA:128,10,0,0
BRDA:128,10,1,0
BRDA:163,11,0,0
BRDA:163,11,1,0
BRDA:186,12,0,0
BRDA:186,12,1,0
BRDA:198,13,0,0
BRDA:198,14,0,0
BRDA:208,15,0,0
BRDA:208,15,1,0
BRDA:227,16,0,0
BRDA:227,17,0,0
BRDA:237,18,0,0
BRDA:237,18,1,0
BRF:33
BRH:0
end_of_record
TN:
SF:client\src\components\ui\chart.tsx
FN:27,useChart
FN:45,(anonymous_1)
FN:70,(anonymous_2)
FN:72,(anonymous_3)
FN:84,(anonymous_4)
FN:87,(anonymous_5)
FN:116,(anonymous_6)
FN:136,(anonymous_7)
FN:188,(anonymous_8)
FN:269,(anonymous_9)
FN:288,(anonymous_10)
FN:320,getPayloadConfigFromPayload
FNF:12
FNH:0
FNDA:0,useChart
FNDA:0,(anonymous_1)
FNDA:0,(anonymous_2)
FNDA:0,(anonymous_3)
FNDA:0,(anonymous_4)
FNDA:0,(anonymous_5)
FNDA:0,(anonymous_6)
FNDA:0,(anonymous_7)
FNDA:0,(anonymous_8)
FNDA:0,(anonymous_9)
FNDA:0,(anonymous_10)
FNDA:0,getPayloadConfigFromPayload
DA:9,0
DA:25,0
DA:28,0
DA:30,0
DA:31,0
DA:34,0
DA:37,0
DA:46,0
DA:47,0
DA:49,0
DA:68,0
DA:70,0
DA:71,0
DA:72,0
DA:75,0
DA:76,0
DA:79,0
DA:84,0
DA:89,0
DA:91,0
DA:103,0
DA:105,0
DA:134,0
DA:136,0
DA:137,0
DA:138,0
DA:141,0
DA:142,0
DA:143,0
DA:145,0
DA:149,0
DA:150,0
DA:157,0
DA:158,0
DA:161,0
DA:172,0
DA:173,0
DA:176,0
DA:178,0
DA:189,0
DA:190,0
DA:191,0
DA:193,0
DA:257,0
DA:259,0
DA:261,0
DA:273,0
DA:275,0
DA:276,0
DA:279,0
DA:289,0
DA:290,0
DA:292,0
DA:317,0
DA:325,0
DA:326,0
DA:330,0
DA:336,0
DA:338,0
DA:342,0
DA:343,0
DA:348,0
DA:353,0
LF:63
LH:0
BRDA:30,0,0,0
BRDA:30,0,1,0
BRDA:47,1,0,0
BRDA:47,1,1,0
BRDA:72,2,0,0
BRDA:72,2,1,0
BRDA:75,3,0,0
BRDA:75,3,1,0
BRDA:89,4,0,0
BRDA:89,4,1,0
BRDA:91,5,0,0
BRDA:91,5,1,0
BRDA:121,6,0,0
BRDA:122,7,0,0
BRDA:123,8,0,0
BRDA:137,9,0,0
BRDA:137,9,1,0
BRDA:137,10,0,0
BRDA:137,10,1,0
BRDA:142,11,0,0
BRDA:142,11,1,0
BRDA:142,11,2,0
BRDA:142,11,3,0
BRDA:145,12,0,0
BRDA:145,12,1,0
BRDA:145,13,0,0
BRDA:145,13,1,0
BRDA:146,14,0,0
BRDA:146,14,1,0
BRDA:149,15,0,0
BRDA:149,15,1,0
BRDA:157,16,0,0
BRDA:157,16,1,0
BRDA:172,17,0,0
BRDA:172,17,1,0
BRDA:172,18,0,0
BRDA:172,18,1,0
BRDA:176,19,0,0
BRDA:176,19,1,0
BRDA:186,20,0,0
BRDA:186,20,1,0
BRDA:189,21,0,0
BRDA:189,21,1,0
BRDA:189,21,2,0
BRDA:189,21,3,0
BRDA:191,22,0,0
BRDA:191,22,1,0
BRDA:191,22,2,0
BRDA:198,23,0,0
BRDA:198,23,1,0
BRDA:201,24,0,0
BRDA:201,24,1,0
BRDA:201,25,0,0
BRDA:201,25,1,0
BRDA:201,25,2,0
BRDA:205,26,0,0
BRDA:205,26,1,0
BRDA:208,27,0,0
BRDA:208,27,1,0
BRDA:217,28,0,0
BRDA:217,28,1,0
BRDA:232,29,0,0
BRDA:232,29,1,0
BRDA:236,30,0,0
BRDA:236,30,1,0
BRDA:238,31,0,0
BRDA:238,31,1,0
BRDA:241,32,0,0
BRDA:241,32,1,0
BRDA:270,33,0,0
BRDA:270,34,0,0
BRDA:275,35,0,0
BRDA:275,35,1,0
BRDA:284,36,0,0
BRDA:284,36,1,0
BRDA:289,37,0,0
BRDA:289,37,1,0
BRDA:289,37,2,0
BRDA:299,38,0,0
BRDA:299,38,1,0
BRDA:299,39,0,0
BRDA:299,39,1,0
BRDA:325,40,0,0
BRDA:325,40,1,0
BRDA:325,41,0,0
BRDA:325,41,1,0
BRDA:330,42,0,0
BRDA:330,42,1,0
BRDA:330,43,0,0
BRDA:330,43,1,0
BRDA:330,43,2,0
BRDA:338,44,0,0
BRDA:338,44,1,0
BRDA:339,45,0,0
BRDA:339,45,1,0
BRDA:343,46,0,0
BRDA:343,46,1,0
BRDA:344,47,0,0
BRDA:344,47,1,0
BRDA:344,47,2,0
BRDA:353,48,0,0
BRDA:353,48,1,0
BRF:102
BRH:0
end_of_record
TN:
SF:client\src\components\ui\checkbox.tsx
FN:10,(anonymous_0)
FNF:1
FNH:0
FNDA:0,(anonymous_0)
DA:7,0
DA:11,0
DA:26,0
LF:3
LH:0
BRF:0
BRH:0
end_of_record
TN:
SF:client\src\components\ui\collapsible.tsx
FNF:0
FNH:0
DA:5,0
DA:7,0
DA:9,0
LF:3
LH:0
BRF:0
BRH:0
end_of_record
TN:
SF:client\src\components\ui\command.tsx
FN:12,(anonymous_0)
FN:24,(anonymous_1)
FN:39,(anonymous_2)
FN:58,(anonymous_3)
FN:71,(anonymous_4)
FN:84,(anonymous_5)
FN:100,(anonymous_6)
FN:112,(anonymous_7)
FN:125,(anonymous_8)
FNF:9
FNH:0
FNDA:0,(anonymous_0)
FNDA:0,(anonymous_1)
FNDA:0,(anonymous_2)
FNDA:0,(anonymous_3)
FNDA:0,(anonymous_4)
FNDA:0,(anonymous_5)
FNDA:0,(anonymous_6)
FNDA:0,(anonymous_7)
FNDA:0,(anonymous_8)
DA:9,0
DA:13,0
DA:22,0
DA:24,0
DA:25,0
DA:36,0
DA:40,0
DA:53,0
DA:55,0
DA:59,0
DA:66,0
DA:68,0
DA:72,0
DA:79,0
DA:81,0
DA:85,0
DA:95,0
DA:97,0
DA:101,0
DA:107,0
DA:109,0
DA:113,0
DA:123,0
DA:125,0
DA:129,0
DA:139,0
LF:26
LH:0
BRF:0
BRH:0
end_of_record
TN:
SF:client\src\components\ui\context-menu.tsx
FN:24,(anonymous_0)
FN:43,(anonymous_1)
FN:58,(anonymous_2)
FN:77,(anonymous_3)
FN:93,(anonymous_4)
FN:117,(anonymous_5)
FN:141,(anonymous_6)
FN:157,(anonymous_7)
FN:166,(anonymous_8)
FNF:9
FNH:0
FNDA:0,(anonymous_0)
FNDA:0,(anonymous_1)
FNDA:0,(anonymous_2)
FNDA:0,(anonymous_3)
FNDA:0,(anonymous_4)
FNDA:0,(anonymous_5)
FNDA:0,(anonymous_6)
FNDA:0,(anonymous_7)
FNDA:0,(anonymous_8)
DA:7,0
DA:9,0
DA:11,0
DA:13,0
DA:15,0
DA:17,0
DA:19,0
DA:25,0
DA:38,0
DA:40,0
DA:44,0
DA:53,0
DA:55,0
DA:59,0
DA:70,0
DA:72,0
DA:78,0
DA:88,0
DA:90,0
DA:94,0
DA:111,0
DA:114,0
DA:118,0
DA:134,0
DA:136,0
DA:142,0
DA:152,0
DA:154,0
DA:158,0
DA:164,0
DA:166,0
DA:170,0
DA:180,0
LF:33
LH:0
BRDA:29,0,0,0
BRDA:29,0,1,0
BRDA:82,1,0,0
BRDA:82,1,1,0
BRDA:146,2,0,0
BRDA:146,2,1,0
BRF:6
BRH:0
end_of_record
TN:
SF:client\src\components\ui\dialog.tsx
FN:20,(anonymous_0)
FN:35,(anonymous_1)
FN:56,(anonymous_2)
FN:70,(anonymous_3)
FN:87,(anonymous_4)
FN:102,(anonymous_5)
FNF:6
FNH:0
FNDA:0,(anonymous_0)
FNDA:0,(anonymous_1)
FNDA:0,(anonymous_2)
FNDA:0,(anonymous_3)
FNDA:0,(anonymous_4)
FNDA:0,(anonymous_5)
DA:9,0
DA:11,0
DA:13,0
DA:15,0
DA:17,0
DA:21,0
DA:30,0
DA:32,0
DA:36,0
DA:54,0
DA:56,0
DA:60,0
DA:68,0
DA:70,0
DA:74,0
DA:82,0
DA:84,0
DA:88,0
DA:97,0
DA:99,0
DA:103,0
DA:109,0
LF:22
LH:0
BRF:0
BRH:0
end_of_record
TN:
SF:client\src\components\ui\drawer.tsx
FN:8,(anonymous_0)
FN:28,(anonymous_1)
FN:40,(anonymous_2)
FN:58,(anonymous_3)
FN:69,(anonymous_4)
FN:83,(anonymous_5)
FN:98,(anonymous_6)
FNF:7
FNH:0
FNDA:0,(anonymous_0)
FNDA:0,(anonymous_1)
FNDA:0,(anonymous_2)
FNDA:0,(anonymous_3)
FNDA:0,(anonymous_4)
FNDA:0,(anonymous_5)
FNDA:0,(anonymous_6)
DA:8,0
DA:12,0
DA:17,0
DA:19,0
DA:21,0
DA:23,0
DA:25,0
DA:29,0
DA:35,0
DA:37,0
DA:41,0
DA:56,0
DA:58,0
DA:62,0
DA:67,0
DA:69,0
DA:73,0
DA:78,0
DA:80,0
DA:84,0
DA:93,0
DA:95,0
DA:99,0
DA:105,0
LF:24
LH:0
BRDA:9,0,0,0
BRF:1
BRH:0
end_of_record
TN:
SF:client\src\components\ui\dropdown-menu.tsx
FN:24,(anonymous_0)
FN:44,(anonymous_1)
FN:60,(anonymous_2)
FN:80,(anonymous_3)
FN:96,(anonymous_4)
FN:120,(anonymous_5)
FN:144,(anonymous_6)
FN:160,(anonymous_7)
FN:169,(anonymous_8)
FNF:9
FNH:0
FNDA:0,(anonymous_0)
FNDA:0,(anonymous_1)
FNDA:0,(anonymous_2)
FNDA:0,(anonymous_3)
FNDA:0,(anonymous_4)
FNDA:0,(anonymous_5)
FNDA:0,(anonymous_6)
FNDA:0,(anonymous_7)
FNDA:0,(anonymous_8)
DA:7,0
DA:9,0
DA:11,0
DA:13,0
DA:15,0
DA:17,0
DA:19,0
DA:25,0
DA:38,0
DA:41,0
DA:45,0
DA:54,0
DA:57,0
DA:61,0
DA:73,0
DA:75,0
DA:81,0
DA:91,0
DA:93,0
DA:97,0
DA:114,0
DA:117,0
DA:121,0
DA:137,0
DA:139,0
DA:145,0
DA:155,0
DA:157,0
DA:161,0
DA:167,0
DA:169,0
DA:173,0
DA:180,0
LF:33
LH:0
BRDA:29,0,0,0
BRDA:29,0,1,0
BRDA:60,1,0,0
BRDA:85,2,0,0
BRDA:85,2,1,0
BRDA:149,3,0,0
BRDA:149,3,1,0
BRF:7
BRH:0
end_of_record
TN:
SF:client\src\components\ui\form.tsx
FN:31,(anonymous_0)
FN:44,(anonymous_1)
FN:78,(anonymous_2)
FN:92,(anonymous_3)
FN:109,(anonymous_4)
FN:131,(anonymous_5)
FN:148,(anonymous_6)
FNF:7
FNH:0
FNDA:0,(anonymous_0)
FNDA:0,(anonymous_1)
FNDA:0,(anonymous_2)
FNDA:0,(anonymous_3)
FNDA:0,(anonymous_4)
FNDA:0,(anonymous_5)
FNDA:0,(anonymous_6)
DA:18,0
DA:27,0
DA:31,0
DA:37,0
DA:44,0
DA:45,0
DA:46,0
DA:47,0
DA:49,0
DA:51,0
DA:52,0
DA:55,0
DA:57,0
DA:71,0
DA:75,0
DA:79,0
DA:81,0
DA:87,0
DA:89,0
DA:93,0
DA:95,0
DA:104,0
DA:106,0
DA:110,0
DA:112,0
DA:126,0
DA:128,0
DA:132,0
DA:134,0
DA:143,0
DA:145,0
DA:149,0
DA:150,0
DA:152,0
DA:153,0
DA:156,0
DA:167,0
LF:37
LH:0
BRDA:51,0,0,0
BRDA:51,0,1,0
BRDA:98,1,0,0
BRDA:98,1,1,0
BRDA:117,2,0,0
BRDA:117,2,1,0
BRDA:150,3,0,0
BRDA:150,3,1,0
BRDA:150,4,0,0
BRDA:150,4,1,0
BRDA:152,5,0,0
BRDA:152,5,1,0
BRF:12
BRH:0
end_of_record
TN:
SF:client\src\components\ui\hover-card.tsx
FN:15,(anonymous_0)
FNF:1
FNH:0
FNDA:0,(anonymous_0)
DA:8,0
DA:10,0
DA:12,0
DA:16,0
DA:27,0
LF:5
LH:0
BRDA:15,0,0,0
BRDA:15,1,0,0
BRF:2
BRH:0
end_of_record
TN:
SF:client\src\components\ui\input-otp.tsx
FN:10,(anonymous_0)
FN:26,(anonymous_1)
FN:34,(anonymous_2)
FN:62,(anonymous_3)
FNF:4
FNH:0
FNDA:0,(anonymous_0)
FNDA:0,(anonymous_1)
FNDA:0,(anonymous_2)
FNDA:0,(anonymous_3)
DA:7,0
DA:11,0
DA:21,0
DA:23,0
DA:27,0
DA:29,0
DA:31,0
DA:35,0
DA:36,0
DA:38,0
DA:57,0
DA:59,0
DA:63,0
DA:67,0
LF:14
LH:0
BRDA:43,0,0,0
BRDA:43,0,1,0
BRDA:49,1,0,0
BRDA:49,1,1,0
BRF:4
BRH:0
end_of_record
TN:
SF:client\src\components\ui\input.tsx
FN:6,(anonymous_0)
FNF:1
FNH:0
FNDA:0,(anonymous_0)
DA:5,0
DA:7,0
DA:20,0
LF:3
LH:0
BRF:0
BRH:0
end_of_record
TN:
SF:client\src\components\ui\label.tsx
FN:15,(anonymous_0)
FNF:1
FNH:0
FNDA:0,(anonymous_0)
DA:7,0
DA:11,0
DA:16,0
DA:22,0
LF:4
LH:0
BRF:0
BRH:0
end_of_record
TN:
SF:client\src\components\ui\menubar.tsx
FN:9,MenubarMenu
FN:15,MenubarGroup
FN:21,MenubarPortal
FN:27,MenubarRadioGroup
FN:33,MenubarSub
FN:42,(anonymous_5)
FN:57,(anonymous_6)
FN:74,(anonymous_7)
FN:93,(anonymous_8)
FN:109,(anonymous_9)
FN:135,(anonymous_10)
FN:151,(anonymous_11)
FN:174,(anonymous_12)
FN:198,(anonymous_13)
FN:214,(anonymous_14)
FN:223,(anonymous_15)
FNF:16
FNH:0
FNDA:0,MenubarMenu
FNDA:0,MenubarGroup
FNDA:0,MenubarPortal
FNDA:0,MenubarRadioGroup
FNDA:0,MenubarSub
FNDA:0,(anonymous_5)
FNDA:0,(anonymous_6)
FNDA:0,(anonymous_7)
FNDA:0,(anonymous_8)
FNDA:0,(anonymous_9)
FNDA:0,(anonymous_10)
FNDA:0,(anonymous_11)
FNDA:0,(anonymous_12)
FNDA:0,(anonymous_13)
FNDA:0,(anonymous_14)
FNDA:0,(anonymous_15)
DA:12,0
DA:18,0
DA:24,0
DA:30,0
DA:36,0
DA:39,0
DA:43,0
DA:52,0
DA:54,0
DA:58,0
DA:67,0
DA:69,0
DA:75,0
DA:88,0
DA:90,0
DA:94,0
DA:103,0
DA:105,0
DA:113,0
DA:128,0
DA:130,0
DA:136,0
DA:146,0
DA:148,0
DA:152,0
DA:169,0
DA:171,0
DA:175,0
DA:191,0
DA:193,0
DA:199,0
DA:209,0
DA:211,0
DA:215,0
DA:221,0
DA:223,0
DA:227,0
DA:237,0
LF:38
LH:0
BRDA:79,0,0,0
BRDA:79,0,1,0
BRDA:110,1,0,0
BRDA:110,2,0,0
BRDA:110,3,0,0
BRDA:140,4,0,0
BRDA:140,4,1,0
BRDA:203,5,0,0
BRDA:203,5,1,0
BRF:9
BRH:0
end_of_record
TN:
SF:client\src\components\ui\navigation-menu.tsx
FN:11,(anonymous_0)
FN:29,(anonymous_1)
FN:50,(anonymous_2)
FN:68,(anonymous_3)
FN:85,(anonymous_4)
FN:103,(anonymous_5)
FNF:6
FNH:0
FNDA:0,(anonymous_0)
FNDA:0,(anonymous_1)
FNDA:0,(anonymous_2)
FNDA:0,(anonymous_3)
FNDA:0,(anonymous_4)
FNDA:0,(anonymous_5)
DA:8,0
DA:12,0
DA:24,0
DA:26,0
DA:30,0
DA:39,0
DA:41,0
DA:43,0
DA:47,0
DA:51,0
DA:63,0
DA:65,0
DA:69,0
DA:78,0
DA:80,0
DA:82,0
DA:86,0
DA:97,0
DA:100,0
DA:104,0
DA:115,0
LF:21
LH:0
BRF:0
BRH:0
end_of_record
TN:
SF:client\src\components\ui\pagination.tsx
FN:7,(anonymous_0)
FN:20,(anonymous_1)
FN:32,(anonymous_2)
FN:42,(anonymous_3)
FN:62,(anonymous_4)
FN:78,(anonymous_5)
FN:94,(anonymous_6)
FNF:7
FNH:0
FNDA:0,(anonymous_0)
FNDA:0,(anonymous_1)
FNDA:0,(anonymous_2)
FNDA:0,(anonymous_3)
FNDA:0,(anonymous_4)
FNDA:0,(anonymous_5)
FNDA:0,(anonymous_6)
DA:7,0
DA:8,0
DA:15,0
DA:17,0
DA:21,0
DA:27,0
DA:29,0
DA:33,0
DA:35,0
DA:42,0
DA:48,0
DA:60,0
DA:62,0
DA:66,0
DA:76,0
DA:78,0
DA:82,0
DA:92,0
DA:94,0
DA:98,0
DA:107,0
LF:21
LH:0
BRDA:45,0,0,0
BRDA:49,1,0,0
BRDA:49,1,1,0
BRDA:52,2,0,0
BRDA:52,2,1,0
BRF:5
BRH:0
end_of_record
TN:
SF:client\src\components\ui\popover.tsx
FN:13,(anonymous_0)
FNF:1
FNH:0
FNDA:0,(anonymous_0)
DA:6,0
DA:8,0
DA:10,0
DA:14,0
DA:27,0
LF:5
LH:0
BRDA:13,0,0,0
BRDA:13,1,0,0
BRF:2
BRH:0
end_of_record
TN:
SF:client\src\components\ui\progress.tsx
FN:11,(anonymous_0)
FNF:1
FNH:0
FNDA:0,(anonymous_0)
DA:8,0
DA:12,0
DA:26,0
LF:3
LH:0
BRDA:22,0,0,0
BRDA:22,0,1,0
BRF:2
BRH:0
end_of_record
TN:
SF:client\src\components\ui\radio-group.tsx
FN:10,(anonymous_0)
FN:24,(anonymous_1)
FNF:2
FNH:0
FNDA:0,(anonymous_0)
FNDA:0,(anonymous_1)
DA:7,0
DA:11,0
DA:19,0
DA:21,0
DA:25,0
DA:40,0
LF:6
LH:0
BRF:0
BRH:0
end_of_record
TN:
SF:client\src\components\ui\resizable.tsx
FN:8,(anonymous_0)
FN:23,(anonymous_1)
FNF:2
FNH:0
FNDA:0,(anonymous_0)
FNDA:0,(anonymous_1)
DA:8,0
DA:12,0
DA:21,0
DA:23,0
DA:30,0
LF:5
LH:0
BRDA:37,0,0,0
BRDA:37,0,1,0
BRF:2
BRH:0
end_of_record
TN:
SF:client\src\components\ui\scroll-area.tsx
FN:9,(anonymous_0)
FN:27,(anonymous_1)
FNF:2
FNH:0
FNDA:0,(anonymous_0)
FNDA:0,(anonymous_1)
DA:6,0
DA:10,0
DA:22,0
DA:24,0
DA:28,0
DA:44,0
LF:6
LH:0
BRDA:27,0,0,0
BRDA:33,1,0,0
BRDA:33,1,1,0
BRDA:35,2,0,0
BRDA:35,2,1,0
BRF:5
BRH:0
end_of_record
TN:
SF:client\src\components\ui\select.tsx
FN:18,(anonymous_0)
FN:38,(anonymous_1)
FN:55,(anonymous_2)
FN:73,(anonymous_3)
FN:105,(anonymous_4)
FN:117,(anonymous_5)
FN:140,(anonymous_6)
FNF:7
FNH:0
FNDA:0,(anonymous_0)
FNDA:0,(anonymous_1)
FNDA:0,(anonymous_2)
FNDA:0,(anonymous_3)
FNDA:0,(anonymous_4)
FNDA:0,(anonymous_5)
FNDA:0,(anonymous_6)
DA:9,0
DA:11,0
DA:13,0
DA:15,0
DA:19,0
DA:33,0
DA:35,0
DA:39,0
DA:50,0
DA:52,0
DA:56,0
DA:67,0
DA:70,0
DA:74,0
DA:100,0
DA:102,0
DA:106,0
DA:112,0
DA:114,0
DA:118,0
DA:135,0
DA:137,0
DA:141,0
DA:147,0
LF:24
LH:0
BRDA:73,0,0,0
BRDA:79,1,0,0
BRDA:79,1,1,0
BRDA:90,2,0,0
BRDA:90,2,1,0
BRF:5
BRH:0
end_of_record
TN:
SF:client\src\components\ui\separator.tsx
FN:10,(anonymous_0)
FNF:1
FNH:0
FNDA:0,(anonymous_0)
DA:6,0
DA:14,0
DA:27,0
LF:3
LH:0
BRDA:11,0,0,0
BRDA:11,1,0,0
BRDA:20,2,0,0
BRDA:20,2,1,0
BRF:4
BRH:0
end_of_record
TN:
SF:client\src\components\ui\sheet.tsx
FN:21,(anonymous_0)
FN:59,(anonymous_1)
FN:77,(anonymous_2)
FN:91,(anonymous_3)
FN:108,(anonymous_4)
FN:120,(anonymous_5)
FNF:6
FNH:0
FNDA:0,(anonymous_0)
FNDA:0,(anonymous_1)
FNDA:0,(anonymous_2)
FNDA:0,(anonymous_3)
FNDA:0,(anonymous_4)
FNDA:0,(anonymous_5)
DA:10,0
DA:12,0
DA:14,0
DA:16,0
DA:18,0
DA:22,0
DA:31,0
DA:33,0
DA:56,0
DA:60,0
DA:75,0
DA:77,0
DA:81,0
DA:89,0
DA:91,0
DA:95,0
DA:103,0
DA:105,0
DA:109,0
DA:115,0
DA:117,0
DA:121,0
DA:127,0
LF:23
LH:0
BRDA:59,0,0,0
BRF:1
BRH:0
end_of_record
TN:
SF:client\src\components\ui\sidebar.tsx
FN:45,useSidebar
FN:62,(anonymous_1)
FN:82,(anonymous_2)
FN:97,(anonymous_3)
FN:99,(anonymous_4)
FN:100,(anonymous_5)
FN:104,(anonymous_6)
FN:105,(anonymous_7)
FN:116,(anonymous_8)
FN:124,(anonymous_9)
FN:171,(anonymous_10)
FN:273,(anonymous_11)
FN:283,(anonymous_12)
FN:299,(anonymous_13)
FN:328,(anonymous_14)
FN:346,(anonymous_15)
FN:364,(anonymous_16)
FN:379,(anonymous_17)
FN:394,(anonymous_18)
FN:409,(anonymous_19)
FN:427,(anonymous_20)
FN:442,(anonymous_21)
FN:463,(anonymous_22)
FN:486,(anonymous_23)
FN:499,(anonymous_24)
FN:512,(anonymous_25)
FN:552,(anonymous_26)
FN:609,(anonymous_27)
FN:637,(anonymous_28)
FN:660,(anonymous_29)
FN:662,(anonymous_30)
FN:696,(anonymous_31)
FN:713,(anonymous_32)
FN:723,(anonymous_33)
FNF:34
FNH:0
FNDA:0,useSidebar
FNDA:0,(anonymous_1)
FNDA:0,(anonymous_2)
FNDA:0,(anonymous_3)
FNDA:0,(anonymous_4)
FNDA:0,(anonymous_5)
FNDA:0,(anonymous_6)
FNDA:0,(anonymous_7)
FNDA:0,(anonymous_8)
FNDA:0,(anonymous_9)
FNDA:0,(anonymous_10)
FNDA:0,(anonymous_11)
FNDA:0,(anonymous_12)
FNDA:0,(anonymous_13)
FNDA:0,(anonymous_14)
FNDA:0,(anonymous_15)
FNDA:0,(anonymous_16)
FNDA:0,(anonymous_17)
FNDA:0,(anonymous_18)
FNDA:0,(anonymous_19)
FNDA:0,(anonymous_20)
FNDA:0,(anonymous_21)
FNDA:0,(anonymous_22)
FNDA:0,(anonymous_23)
FNDA:0,(anonymous_24)
FNDA:0,(anonymous_25)
FNDA:0,(anonymous_26)
FNDA:0,(anonymous_27)
FNDA:0,(anonymous_28)
FNDA:0,(anonymous_29)
FNDA:0,(anonymous_30)
FNDA:0,(anonymous_31)
FNDA:0,(anonymous_32)
FNDA:0,(anonymous_33)
DA:26,0
DA:27,0
DA:28,0
DA:29,0
DA:30,0
DA:31,0
DA:43,0
DA:46,0
DA:47,0
DA:48,0
DA:51,0
DA:54,0
DA:74,0
DA:75,0
DA:79,0
DA:80,0
DA:81,0
DA:83,0
DA:84,0
DA:85,0
DA:87,0
DA:91,0
DA:97,0
DA:98,0
DA:99,0
DA:100,0
DA:104,0
DA:105,0
DA:106,0
DA:110,0
DA:111,0
DA:115,0
DA:116,0
DA:121,0
DA:123,0
DA:124,0
DA:136,0
DA:161,0
DA:163,0
DA:182,0
DA:184,0
DA:185,0
DA:199,0
DA:200,0
DA:223,0
DA:268,0
DA:270,0
DA:274,0
DA:276,0
DA:284,0
DA:285,0
DA:294,0
DA:296,0
DA:300,0
DA:302,0
DA:323,0
DA:325,0
DA:329,0
DA:341,0
DA:343,0
DA:347,0
DA:359,0
DA:361,0
DA:365,0
DA:374,0
DA:376,0
DA:380,0
DA:389,0
DA:391,0
DA:395,0
DA:404,0
DA:406,0
DA:410,0
DA:422,0
DA:424,0
DA:428,0
DA:437,0
DA:439,0
DA:443,0
DA:445,0
DA:458,0
DA:460,0
DA:464,0
DA:466,0
DA:481,0
DA:483,0
DA:487,0
DA:494,0
DA:496,0
DA:500,0
DA:507,0
DA:509,0
DA:513,0
DA:520,0
DA:522,0
DA:544,0
DA:564,0
DA:565,0
DA:568,0
DA:578,0
DA:579,0
DA:582,0
DA:583,0
DA:588,0
DA:601,0
DA:603,0
DA:610,0
DA:612,0
DA:632,0
DA:634,0
DA:638,0
DA:653,0
DA:655,0
DA:662,0
DA:663,0
DA:666,0
DA:691,0
DA:693,0
DA:697,0
DA:708,0
DA:710,0
DA:713,0
DA:714,0
DA:716,0
DA:724,0
DA:726,0
DA:744,0
LF:127
LH:0
BRDA:47,0,0,0
BRDA:47,0,1,0
BRDA:64,1,0,0
BRDA:80,2,0,0
BRDA:80,2,1,0
BRDA:83,3,0,0
BRDA:83,3,1,0
BRDA:84,4,0,0
BRDA:84,4,1,0
BRDA:98,5,0,0
BRDA:98,5,1,0
BRDA:106,6,0,0
BRDA:106,6,1,0
BRDA:107,7,0,0
BRDA:107,7,1,0
BRDA:107,7,2,0
BRDA:121,8,0,0
BRDA:121,8,1,0
BRDA:173,9,0,0
BRDA:174,10,0,0
BRDA:175,11,0,0
BRDA:184,12,0,0
BRDA:184,12,1,0
BRDA:199,13,0,0
BRDA:199,13,1,0
BRDA:228,14,0,0
BRDA:228,14,1,0
BRDA:238,15,0,0
BRDA:238,15,1,0
BRDA:238,16,0,0
BRDA:238,16,1,0
BRDA:246,17,0,0
BRDA:246,17,1,0
BRDA:250,18,0,0
BRDA:250,18,1,0
BRDA:250,19,0,0
BRDA:250,19,1,0
BRDA:442,20,0,0
BRDA:443,21,0,0
BRDA:443,21,1,0
BRDA:463,22,0,0
BRDA:464,23,0,0
BRDA:464,23,1,0
BRDA:554,24,0,0
BRDA:555,25,0,0
BRDA:556,26,0,0
BRDA:557,27,0,0
BRDA:564,28,0,0
BRDA:564,28,1,0
BRDA:578,29,0,0
BRDA:578,29,1,0
BRDA:582,30,0,0
BRDA:582,30,1,0
BRDA:594,31,0,0
BRDA:594,31,1,0
BRDA:609,32,0,0
BRDA:609,33,0,0
BRDA:610,34,0,0
BRDA:610,34,1,0
BRDA:624,35,0,0
BRDA:624,35,1,0
BRDA:660,36,0,0
BRDA:673,37,0,0
BRDA:673,37,1,0
BRDA:723,38,0,0
BRDA:723,39,0,0
BRDA:724,40,0,0
BRDA:724,40,1,0
BRDA:735,41,0,0
BRDA:735,41,1,0
BRDA:736,42,0,0
BRDA:736,42,1,0
BRF:72
BRH:0
end_of_record
TN:
SF:client\src\components\ui\skeleton.tsx
FN:3,Skeleton
FNF:1
FNH:0
FNDA:0,Skeleton
DA:7,0
LF:1
LH:0
BRF:0
BRH:0
end_of_record
TN:
SF:client\src\components\ui\slider.tsx
FN:9,(anonymous_0)
FNF:1
FNH:0
FNDA:0,(anonymous_0)
DA:6,0
DA:10,0
DA:24,0
LF:3
LH:0
BRF:0
BRH:0
end_of_record
TN:
SF:client\src\components\ui\switch.tsx
FN:9,(anonymous_0)
FNF:1
FNH:0
FNDA:0,(anonymous_0)
DA:6,0
DA:10,0
DA:25,0
LF:3
LH:0
BRF:0
BRH:0
end_of_record
TN:
SF:client\src\components\ui\table.tsx
FN:8,(anonymous_0)
FN:22,(anonymous_1)
FN:30,(anonymous_2)
FN:42,(anonymous_3)
FN:57,(anonymous_4)
FN:72,(anonymous_5)
FN:87,(anonymous_6)
FN:99,(anonymous_7)
FNF:8
FNH:0
FNDA:0,(anonymous_0)
FNDA:0,(anonymous_1)
FNDA:0,(anonymous_2)
FNDA:0,(anonymous_3)
FNDA:0,(anonymous_4)
FNDA:0,(anonymous_5)
FNDA:0,(anonymous_6)
FNDA:0,(anonymous_7)
DA:5,0
DA:9,0
DA:17,0
DA:19,0
DA:23,0
DA:25,0
DA:27,0
DA:31,0
DA:37,0
DA:39,0
DA:43,0
DA:52,0
DA:54,0
DA:58,0
DA:67,0
DA:69,0
DA:73,0
DA:82,0
DA:84,0
DA:88,0
DA:94,0
DA:96,0
DA:100,0
DA:106,0
LF:24
LH:0
BRF:0
BRH:0
end_of_record
TN:
SF:client\src\components\ui\tabs.tsx
FN:11,(anonymous_0)
FN:26,(anonymous_1)
FN:41,(anonymous_2)
FNF:3
FNH:0
FNDA:0,(anonymous_0)
FNDA:0,(anonymous_1)
FNDA:0,(anonymous_2)
DA:6,0
DA:8,0
DA:12,0
DA:21,0
DA:23,0
DA:27,0
DA:36,0
DA:38,0
DA:42,0
DA:51,0
LF:10
LH:0
BRF:0
BRH:0
end_of_record
TN:
SF:client\src\components\ui\textarea.tsx
FN:8,(anonymous_0)
FNF:1
FNH:0
FNDA:0,(anonymous_0)
DA:5,0
DA:9,0
DA:20,0
LF:3
LH:0
BRF:0
BRH:0
end_of_record
TN:
SF:client\src\components\ui\toast.tsx
FN:13,(anonymous_0)
FN:45,(anonymous_1)
FN:59,(anonymous_2)
FN:74,(anonymous_3)
FN:92,(anonymous_4)
FN:104,(anonymous_5)
FNF:6
FNH:0
FNDA:0,(anonymous_0)
FNDA:0,(anonymous_1)
FNDA:0,(anonymous_2)
FNDA:0,(anonymous_3)
FNDA:0,(anonymous_4)
FNDA:0,(anonymous_5)
DA:8,0
DA:10,0
DA:14,0
DA:23,0
DA:25,0
DA:41,0
DA:46,0
DA:54,0
DA:56,0
DA:60,0
DA:69,0
DA:71,0
DA:75,0
DA:87,0
DA:89,0
DA:93,0
DA:99,0
DA:101,0
DA:105,0
DA:111,0
LF:20
LH:0
BRF:0
BRH:0
end_of_record
TN:
SF:client\src\components\ui\toaster.tsx
FN:11,Toaster
FN:16,(anonymous_1)
FNF:2
FNH:0
FNDA:0,Toaster
FNDA:0,(anonymous_1)
DA:12,0
DA:14,0
DA:17,0
LF:3
LH:0
BRDA:20,0,0,0
BRDA:20,0,1,0
BRDA:21,1,0,0
BRDA:21,1,1,0
BRF:4
BRH:0
end_of_record
TN:
SF:client\src\components\ui\toggle-group.tsx
FN:21,(anonymous_0)
FN:39,(anonymous_1)
FNF:2
FNH:0
FNDA:0,(anonymous_0)
FNDA:0,(anonymous_1)
DA:10,0
DA:17,0
DA:22,0
DA:33,0
DA:35,0
DA:40,0
DA:42,0
DA:59,0
LF:8
LH:0
BRDA:47,0,0,0
BRDA:47,0,1,0
BRDA:48,1,0,0
BRDA:48,1,1,0
BRF:4
BRH:0
end_of_record
TN:
SF:client\src\components\ui\toggle.tsx
FN:33,(anonymous_0)
FNF:1
FNH:0
FNDA:0,(anonymous_0)
DA:7,0
DA:29,0
DA:34,0
DA:41,0
LF:4
LH:0
BRF:0
BRH:0
end_of_record
TN:
SF:client\src\components\ui\tooltip.tsx
FN:17,(anonymous_0)
FNF:1
FNH:0
FNDA:0,(anonymous_0)
DA:8,0
DA:10,0
DA:12,0
DA:14,0
DA:18,0
DA:28,0
LF:6
LH:0
BRDA:17,0,0,0
BRF:1
BRH:0
end_of_record
TN:
SF:client\src\hooks\use-auth.tsx
FN:42,(anonymous_0)
FN:45,(anonymous_1)
FN:50,AuthProvider
FN:58,(anonymous_3)
FN:62,(anonymous_4)
FN:67,(anonymous_5)
FN:107,(anonymous_6)
FN:138,(anonymous_7)
FN:175,(anonymous_8)
FN:186,(anonymous_9)
FN:189,(anonymous_10)
FN:195,(anonymous_11)
FN:203,(anonymous_12)
FN:213,(anonymous_13)
FN:218,(anonymous_14)
FN:225,(anonymous_15)
FN:234,(anonymous_16)
FN:240,(anonymous_17)
FN:254,(anonymous_18)
FN:263,(anonymous_19)
FN:285,(anonymous_20)
FN:297,(anonymous_21)
FN:302,(anonymous_22)
FN:318,(anonymous_23)
FN:330,(anonymous_24)
FN:336,(anonymous_25)
FN:358,(anonymous_26)
FN:389,useAuth
FNF:28
FNH:0
FNDA:0,(anonymous_0)
FNDA:0,(anonymous_1)
FNDA:0,AuthProvider
FNDA:0,(anonymous_3)
FNDA:0,(anonymous_4)
FNDA:0,(anonymous_5)
FNDA:0,(anonymous_6)
FNDA:0,(anonymous_7)
FNDA:0,(anonymous_8)
FNDA:0,(anonymous_9)
FNDA:0,(anonymous_10)
FNDA:0,(anonymous_11)
FNDA:0,(anonymous_12)
FNDA:0,(anonymous_13)
FNDA:0,(anonymous_14)
FNDA:0,(anonymous_15)
FNDA:0,(anonymous_16)
FNDA:0,(anonymous_17)
FNDA:0,(anonymous_18)
FNDA:0,(anonymous_19)
FNDA:0,(anonymous_20)
FNDA:0,(anonymous_21)
FNDA:0,(anonymous_22)
FNDA:0,(anonymous_23)
FNDA:0,(anonymous_24)
FNDA:0,(anonymous_25)
FNDA:0,(anonymous_26)
FNDA:0,useAuth
DA:35,0
DA:48,0
DA:51,0
DA:52,0
DA:53,0
DA:54,0
DA:55,0
DA:58,0
DA:59,0
DA:62,0
DA:63,0
DA:65,0
DA:67,0
DA:70,0
DA:73,0
DA:74,0
DA:75,0
DA:76,0
DA:78,0
DA:79,0
DA:80,0
DA:81,0
DA:83,0
DA:87,0
DA:89,0
DA:90,0
DA:94,0
DA:105,0
DA:108,0
DA:109,0
DA:112,0
DA:113,0
DA:120,0
DA:121,0
DA:122,0
DA:123,0
DA:124,0
DA:127,0
DA:133,0
DA:134,0
DA:137,0
DA:138,0
DA:139,0
DA:140,0
DA:141,0
DA:142,0
DA:145,0
DA:146,0
DA:148,0
DA:149,0
DA:150,0
DA:152,0
DA:153,0
DA:154,0
DA:156,0
DA:159,0
DA:160,0
DA:162,0
DA:163,0
DA:175,0
DA:176,0
DA:177,0
DA:178,0
DA:179,0
DA:180,0
DA:181,0
DA:186,0
DA:187,0
DA:189,0
DA:190,0
DA:191,0
DA:193,0
DA:195,0
DA:196,0
DA:198,0
DA:199,0
DA:200,0
DA:202,0
DA:203,0
DA:204,0
DA:205,0
DA:206,0
DA:213,0
DA:218,0
DA:219,0
DA:221,0
DA:222,0
DA:225,0
DA:226,0
DA:227,0
DA:233,0
DA:235,0
DA:236,0
DA:239,0
DA:240,0
DA:241,0
DA:243,0
DA:244,0
DA:245,0
DA:246,0
DA:247,0
DA:252,0
DA:255,0
DA:258,0
DA:262,0
DA:263,0
DA:264,0
DA:265,0
DA:266,0
DA:270,0
DA:271,0
DA:272,0
DA:276,0
DA:282,0
DA:283,0
DA:286,0
DA:287,0
DA:296,0
DA:298,0
DA:299,0
DA:300,0
DA:303,0
DA:306,0
DA:309,0
DA:315,0
DA:316,0
DA:319,0
DA:320,0
DA:329,0
DA:331,0
DA:332,0
DA:334,0
DA:337,0
DA:340,0
DA:343,0
DA:346,0
DA:349,0
DA:355,0
DA:356,0
DA:359,0
DA:360,0
DA:369,0
DA:382,0
DA:390,0
DA:391,0
DA:393,0
DA:394,0
DA:395,0
DA:398,0
DA:400,0
DA:401,0
LF:151
LH:0
BRDA:73,0,0,0
BRDA:73,0,1,0
BRDA:75,1,0,0
BRDA:75,1,1,0
BRDA:120,2,0,0
BRDA:120,2,1,0
BRDA:120,3,0,0
BRDA:120,3,1,0
BRDA:139,4,0,0
BRDA:139,4,1,0
BRDA:148,5,0,0
BRDA:148,5,1,0
BRDA:149,6,0,0
BRDA:149,6,1,0
BRDA:152,7,0,0
BRDA:152,7,1,0
BRDA:176,8,0,0
BRDA:176,8,1,0
BRDA:179,9,0,0
BRDA:179,9,1,0
BRDA:187,10,0,0
BRDA:187,10,1,0
BRDA:190,11,0,0
BRDA:190,11,1,0
BRDA:198,12,0,0
BRDA:198,12,1,0
BRDA:198,13,0,0
BRDA:198,13,1,0
BRDA:204,14,0,0
BRDA:204,14,1,0
BRDA:219,15,0,0
BRDA:219,15,1,0
BRDA:241,16,0,0
BRDA:241,16,1,0
BRDA:244,17,0,0
BRDA:244,17,1,0
BRDA:246,18,0,0
BRDA:246,18,1,0
BRDA:246,19,0,0
BRDA:246,19,1,0
BRDA:264,20,0,0
BRDA:264,20,1,0
BRDA:270,21,0,0
BRDA:270,21,1,0
BRDA:370,22,0,0
BRDA:370,22,1,0
BRDA:372,23,0,0
BRDA:372,23,1,0
BRDA:393,24,0,0
BRDA:393,24,1,0
BRF:50
BRH:0
end_of_record
TN:
SF:client\src\hooks\use-mobile.tsx
FN:5,useIsMobile
FN:8,(anonymous_1)
FN:10,(anonymous_2)
FN:15,(anonymous_3)
FNF:4
FNH:0
FNDA:0,useIsMobile
FNDA:0,(anonymous_1)
FNDA:0,(anonymous_2)
FNDA:0,(anonymous_3)
DA:3,0
DA:6,0
DA:8,0
DA:9,0
DA:10,0
DA:11,0
DA:13,0
DA:14,0
DA:15,0
DA:18,0
LF:10
LH:0
BRF:0
BRH:0
end_of_record
TN:
SF:client\src\hooks\use-toast.ts
FN:27,genId
FN:58,(anonymous_1)
FN:63,(anonymous_2)
FN:74,(anonymous_3)
FN:85,(anonymous_4)
FN:98,(anonymous_5)
FN:105,(anonymous_6)
FN:124,(anonymous_7)
FN:133,dispatch
FN:135,(anonymous_9)
FN:142,toast
FN:145,(anonymous_11)
FN:150,(anonymous_12)
FN:158,(anonymous_13)
FN:171,useToast
FN:174,(anonymous_15)
FN:176,(anonymous_16)
FN:187,(anonymous_17)
FNF:18
FNH:0
FNDA:0,genId
FNDA:0,(anonymous_1)
FNDA:0,(anonymous_2)
FNDA:0,(anonymous_3)
FNDA:0,(anonymous_4)
FNDA:0,(anonymous_5)
FNDA:0,(anonymous_6)
FNDA:0,(anonymous_7)
FNDA:0,dispatch
FNDA:0,(anonymous_9)
FNDA:0,toast
FNDA:0,(anonymous_11)
FNDA:0,(anonymous_12)
FNDA:0,(anonymous_13)
FNDA:0,useToast
FNDA:0,(anonymous_15)
FNDA:0,(anonymous_16)
FNDA:0,(anonymous_17)
DA:8,0
DA:9,0
DA:18,0
DA:25,0
DA:28,0
DA:29,0
DA:56,0
DA:58,0
DA:59,0
DA:60,0
DA:63,0
DA:64,0
DA:65,0
DA:71,0
DA:74,0
DA:75,0
DA:77,0
DA:83,0
DA:86,0
DA:91,0
DA:95,0
DA:96,0
DA:98,0
DA:99,0
DA:103,0
DA:106,0
DA:116,0
DA:117,0
DA:122,0
DA:124,0
DA:129,0
DA:131,0
DA:134,0
DA:135,0
DA:136,0
DA:143,0
DA:145,0
DA:146,0
DA:150,0
DA:152,0
DA:159,0
DA:164,0
DA:172,0
DA:174,0
DA:175,0
DA:176,0
DA:177,0
DA:178,0
DA:179,0
DA:184,0
DA:187,0
LF:51
LH:0
BRDA:59,0,0,0
BRDA:59,0,1,0
BRDA:75,1,0,0
BRDA:75,1,1,0
BRDA:75,1,2,0
BRDA:75,1,3,0
BRDA:86,2,0,0
BRDA:86,2,1,0
BRDA:95,3,0,0
BRDA:95,3,1,0
BRDA:106,4,0,0
BRDA:106,4,1,0
BRDA:106,5,0,0
BRDA:106,5,1,0
BRDA:116,6,0,0
BRDA:116,6,1,0
BRDA:159,7,0,0
BRDA:159,7,1,0
BRDA:178,8,0,0
BRDA:178,8,1,0
BRF:20
BRH:0
end_of_record
TN:
SF:client\src\lib\indexedDB.ts
FN:19,initDB
FN:20,(anonymous_1)
FN:23,(anonymous_2)
FN:28,(anonymous_3)
FN:33,(anonymous_4)
FN:61,storeTasks
FN:67,(anonymous_6)
FN:71,(anonymous_7)
FN:72,(anonymous_8)
FN:73,(anonymous_9)
FN:83,getAllTasks
FN:89,(anonymous_11)
FN:90,(anonymous_12)
FN:91,(anonymous_13)
FN:101,getTaskById
FN:107,(anonymous_15)
FN:108,(anonymous_16)
FN:109,(anonymous_17)
FN:119,getTasksByUserId
FN:126,(anonymous_19)
FN:127,(anonymous_20)
FN:128,(anonymous_21)
FN:138,queueForSync
FN:152,(anonymous_23)
FN:153,(anonymous_24)
FN:154,(anonymous_25)
FN:164,getPendingSyncOperations
FN:171,(anonymous_27)
FN:172,(anonymous_28)
FN:173,(anonymous_29)
FN:183,markSyncComplete
FN:191,(anonymous_31)
FN:192,(anonymous_32)
FN:198,(anonymous_33)
FN:199,(anonymous_34)
FN:208,(anonymous_35)
FN:218,clearCompletedSyncOperations
FN:225,(anonymous_37)
FN:226,(anonymous_38)
FN:231,(anonymous_39)
FN:235,(anonymous_40)
FN:241,(anonymous_41)
FN:246,(anonymous_42)
FNF:43
FNH:0
FNDA:0,initDB
FNDA:0,(anonymous_1)
FNDA:0,(anonymous_2)
FNDA:0,(anonymous_3)
FNDA:0,(anonymous_4)
FNDA:0,storeTasks
FNDA:0,(anonymous_6)
FNDA:0,(anonymous_7)
FNDA:0,(anonymous_8)
FNDA:0,(anonymous_9)
FNDA:0,getAllTasks
FNDA:0,(anonymous_11)
FNDA:0,(anonymous_12)
FNDA:0,(anonymous_13)
FNDA:0,getTaskById
FNDA:0,(anonymous_15)
FNDA:0,(anonymous_16)
FNDA:0,(anonymous_17)
FNDA:0,getTasksByUserId
FNDA:0,(anonymous_19)
FNDA:0,(anonymous_20)
FNDA:0,(anonymous_21)
FNDA:0,queueForSync
FNDA:0,(anonymous_23)
FNDA:0,(anonymous_24)
FNDA:0,(anonymous_25)
FNDA:0,getPendingSyncOperations
FNDA:0,(anonymous_27)
FNDA:0,(anonymous_28)
FNDA:0,(anonymous_29)
FNDA:0,markSyncComplete
FNDA:0,(anonymous_31)
FNDA:0,(anonymous_32)
FNDA:0,(anonymous_33)
FNDA:0,(anonymous_34)
FNDA:0,(anonymous_35)
FNDA:0,clearCompletedSyncOperations
FNDA:0,(anonymous_37)
FNDA:0,(anonymous_38)
FNDA:0,(anonymous_39)
FNDA:0,(anonymous_40)
FNDA:0,(anonymous_41)
FNDA:0,(anonymous_42)
DA:3,0
DA:4,0
DA:5,0
DA:6,0
DA:20,0
DA:21,0
DA:23,0
DA:24,0
DA:25,0
DA:28,0
DA:29,0
DA:30,0
DA:33,0
DA:34,0
DA:37,0
DA:38,0
DA:39,0
DA:40,0
DA:41,0
DA:45,0
DA:46,0
DA:50,0
DA:51,0
DA:52,0
DA:62,0
DA:63,0
DA:64,0
DA:67,0
DA:68,0
DA:71,0
DA:72,0
DA:73,0
DA:74,0
DA:75,0
DA:84,0
DA:85,0
DA:86,0
DA:87,0
DA:89,0
DA:90,0
DA:91,0
DA:92,0
DA:93,0
DA:102,0
DA:103,0
DA:104,0
DA:105,0
DA:107,0
DA:108,0
DA:109,0
DA:110,0
DA:111,0
DA:120,0
DA:121,0
DA:122,0
DA:123,0
DA:124,0
DA:126,0
DA:127,0
DA:128,0
DA:129,0
DA:130,0
DA:139,0
DA:140,0
DA:141,0
DA:143,0
DA:150,0
DA:152,0
DA:153,0
DA:154,0
DA:155,0
DA:156,0
DA:165,0
DA:166,0
DA:167,0
DA:168,0
DA:169,0
DA:171,0
DA:172,0
DA:173,0
DA:174,0
DA:175,0
DA:184,0
DA:185,0
DA:186,0
DA:189,0
DA:191,0
DA:192,0
DA:193,0
DA:194,0
DA:195,0
DA:196,0
DA:198,0
DA:199,0
DA:200,0
DA:201,0
DA:204,0
DA:208,0
DA:209,0
DA:210,0
DA:219,0
DA:220,0
DA:221,0
DA:222,0
DA:223,0
DA:225,0
DA:226,0
DA:227,0
DA:229,0
DA:231,0
DA:232,0
DA:235,0
DA:237,0
DA:241,0
DA:242,0
DA:243,0
DA:246,0
DA:247,0
DA:248,0
LF:119
LH:0
BRDA:37,0,0,0
BRDA:37,0,1,0
BRDA:45,1,0,0
BRDA:45,1,1,0
BRDA:194,2,0,0
BRDA:194,2,1,0
BRDA:229,3,0,0
BRDA:229,3,1,0
BRF:8
BRH:0
end_of_record
TN:
SF:client\src\lib\protected-route.tsx
FN:6,ProtectedRoute
FN:18,(anonymous_1)
FN:20,(anonymous_2)
FN:25,(anonymous_3)
FN:29,(anonymous_4)
FNF:5
FNH:0
FNDA:0,ProtectedRoute
FNDA:0,(anonymous_1)
FNDA:0,(anonymous_2)
FNDA:0,(anonymous_3)
FNDA:0,(anonymous_4)
DA:14,0
DA:15,0
DA:18,0
DA:20,0
DA:21,0
DA:25,0
DA:29,0
DA:31,0
DA:32,0
DA:43,0
DA:44,0
DA:48,0
DA:52,0
LF:13
LH:0
BRDA:31,0,0,0
BRDA:31,0,1,0
BRDA:31,1,0,0
BRDA:31,1,1,0
BRDA:43,2,0,0
BRDA:43,2,1,0
BRF:6
BRH:0
end_of_record
TN:
SF:client\src\lib\queryClient.ts
FN:4,setSessionCookie
FN:19,getSessionCookie
FN:22,(anonymous_2)
FN:46,interceptedFetch
FN:65,throwIfResNotOk
FN:79,(anonymous_5)
FN:92,(anonymous_6)
FN:99,(anonymous_7)
FN:135,(anonymous_8)
FN:146,(anonymous_9)
FN:193,getEmptyResponseForEndpoint
FN:203,getQueryFn
FN:209,(anonymous_12)
FN:216,(anonymous_13)
FN:302,(anonymous_14)
FNF:15
FNH:0
FNDA:0,setSessionCookie
FNDA:0,getSessionCookie
FNDA:0,(anonymous_2)
FNDA:0,interceptedFetch
FNDA:0,throwIfResNotOk
FNDA:0,(anonymous_5)
FNDA:0,(anonymous_6)
FNDA:0,(anonymous_7)
FNDA:0,(anonymous_8)
FNDA:0,(anonymous_9)
FNDA:0,getEmptyResponseForEndpoint
FNDA:0,getQueryFn
FNDA:0,(anonymous_12)
FNDA:0,(anonymous_13)
FNDA:0,(anonymous_14)
DA:5,0
DA:6,0
DA:7,0
DA:8,0
DA:10,0
DA:11,0
DA:12,0
DA:14,0
DA:21,0
DA:22,0
DA:23,0
DA:24,0
DA:25,0
DA:29,0
DA:30,0
DA:31,0
DA:32,0
DA:34,0
DA:35,0
DA:38,0
DA:41,0
DA:45,0
DA:46,0
DA:47,0
DA:49,0
DA:50,0
DA:51,0
DA:52,0
DA:54,0
DA:62,0
DA:66,0
DA:67,0
DA:68,0
DA:69,0
DA:70,0
DA:72,0
DA:73,0
DA:79,0
DA:81,0
DA:82,0
DA:83,0
DA:85,0
DA:88,0
DA:92,0
DA:98,0
DA:99,0
DA:101,0
DA:102,0
DA:104,0
DA:106,0
DA:119,0
DA:120,0
DA:124,0
DA:125,0
DA:126,0
DA:129,0
DA:132,0
DA:134,0
DA:135,0
DA:136,0
DA:140,0
DA:142,0
DA:143,0
DA:146,0
DA:147,0
DA:148,0
DA:149,0
DA:150,0
DA:152,0
DA:155,0
DA:158,0
DA:159,0
DA:160,0
DA:161,0
DA:162,0
DA:165,0
DA:171,0
DA:172,0
DA:173,0
DA:177,0
DA:178,0
DA:179,0
DA:182,0
DA:184,0
DA:185,0
DA:186,0
DA:194,0
DA:195,0
DA:197,0
DA:198,0
DA:200,0
DA:207,0
DA:209,0
DA:210,0
DA:211,0
DA:213,0
DA:215,0
DA:216,0
DA:217,0
DA:218,0
DA:222,0
DA:229,0
DA:230,0
DA:231,0
DA:234,0
DA:241,0
DA:243,0
DA:246,0
DA:247,0
DA:248,0
DA:249,0
DA:250,0
DA:254,0
DA:255,0
DA:256,0
DA:259,0
DA:262,0
DA:263,0
DA:264,0
DA:267,0
DA:268,0
DA:269,0
DA:273,0
DA:274,0
DA:275,0
DA:276,0
DA:278,0
DA:279,0
DA:283,0
DA:284,0
DA:285,0
DA:288,0
DA:289,0
DA:296,0
DA:304,0
DA:307,0
DA:308,0
DA:309,0
DA:310,0
DA:314,0
LF:140
LH:0
BRDA:23,0,0,0
BRDA:23,0,1,0
BRDA:31,1,0,0
BRDA:31,1,1,0
BRDA:47,2,0,0
BRDA:47,2,1,0
BRDA:47,3,0,0
BRDA:47,3,1,0
BRDA:49,4,0,0
BRDA:49,4,1,0
BRDA:49,5,0,0
BRDA:49,5,1,0
BRDA:66,6,0,0
BRDA:66,6,1,0
BRDA:68,7,0,0
BRDA:68,7,1,0
BRDA:81,8,0,0
BRDA:81,8,1,0
BRDA:81,9,0,0
BRDA:81,9,1,0
BRDA:82,10,0,0
BRDA:82,10,1,0
BRDA:96,11,0,0
BRDA:119,12,0,0
BRDA:119,12,1,0
BRDA:140,13,0,0
BRDA:140,13,1,0
BRDA:140,14,0,0
BRDA:140,14,1,0
BRDA:140,14,2,0
BRDA:147,15,0,0
BRDA:147,15,1,0
BRDA:160,16,0,0
BRDA:160,16,1,0
BRDA:160,17,0,0
BRDA:160,17,1,0
BRDA:171,18,0,0
BRDA:171,18,1,0
BRDA:171,19,0,0
BRDA:171,19,1,0
BRDA:177,20,0,0
BRDA:177,20,1,0
BRDA:194,21,0,0
BRDA:194,21,1,0
BRDA:197,22,0,0
BRDA:197,22,1,0
BRDA:207,23,0,0
BRDA:230,24,0,0
BRDA:230,24,1,0
BRDA:247,25,0,0
BRDA:247,25,1,0
BRDA:249,26,0,0
BRDA:249,26,1,0
BRDA:249,27,0,0
BRDA:249,27,1,0
BRDA:254,28,0,0
BRDA:254,28,1,0
BRDA:254,29,0,0
BRDA:254,29,1,0
BRDA:263,30,0,0
BRDA:263,30,1,0
BRDA:267,31,0,0
BRDA:267,31,1,0
BRDA:267,32,0,0
BRDA:267,32,1,0
BRDA:283,33,0,0
BRDA:283,33,1,0
BRDA:283,34,0,0
BRDA:283,34,1,0
BRDA:304,35,0,0
BRDA:304,35,1,0
BRDA:307,36,0,0
BRDA:307,36,1,0
BRDA:307,37,0,0
BRDA:307,37,1,0
BRDA:307,37,2,0
BRDA:309,38,0,0
BRDA:309,38,1,0
BRDA:309,39,0,0
BRDA:309,39,1,0
BRF:80
BRH:0
end_of_record
TN:
SF:client\src\lib\serviceWorkerRegistration.ts
FN:8,register
FN:23,registerServiceWorker
FN:39,setupUpdateHandling
FN:41,(anonymous_3)
FN:45,(anonymous_4)
FN:64,checkForUpdates
FN:67,(anonymous_6)
FN:68,(anonymous_7)
FN:75,applyUpdates
FN:78,(anonymous_9)
FN:87,showUpdateNotification
FN:97,unregister
FN:100,(anonymous_12)
FN:103,(anonymous_13)
FN:119,initializeOfflineSync
FN:123,(anonymous_15)
FN:128,(anonymous_16)
FN:130,(anonymous_17)
FN:136,(anonymous_18)
FN:143,listenForServiceWorkerMessages
FN:144,(anonymous_20)
FNF:21
FNH:0
FNDA:0,register
FNDA:0,registerServiceWorker
FNDA:0,setupUpdateHandling
FNDA:0,(anonymous_3)
FNDA:0,(anonymous_4)
FNDA:0,checkForUpdates
FNDA:0,(anonymous_6)
FNDA:0,(anonymous_7)
FNDA:0,applyUpdates
FNDA:0,(anonymous_9)
FNDA:0,showUpdateNotification
FNDA:0,unregister
FNDA:0,(anonymous_12)
FNDA:0,(anonymous_13)
FNDA:0,initializeOfflineSync
FNDA:0,(anonymous_15)
FNDA:0,(anonymous_16)
FNDA:0,(anonymous_17)
FNDA:0,(anonymous_18)
FNDA:0,listenForServiceWorkerMessages
FNDA:0,(anonymous_20)
DA:5,0
DA:9,0
DA:10,0
DA:11,0
DA:15,0
DA:16,0
DA:19,0
DA:24,0
DA:25,0
DA:26,0
DA:29,0
DA:31,0
DA:33,0
DA:34,0
DA:41,0
DA:42,0
DA:43,0
DA:45,0
DA:46,0
DA:47,0
DA:50,0
DA:53,0
DA:56,0
DA:65,0
DA:67,0
DA:68,0
DA:69,0
DA:76,0
DA:78,0
DA:79,0
DA:81,0
DA:90,0
DA:93,0
DA:98,0
DA:99,0
DA:101,0
DA:104,0
DA:120,0
DA:123,0
DA:124,0
DA:126,0
DA:128,0
DA:129,0
DA:130,0
DA:134,0
DA:135,0
DA:136,0
DA:144,0
DA:145,0
LF:49
LH:0
BRDA:9,0,0,0
BRDA:9,0,1,0
BRDA:15,1,0,0
BRDA:15,1,1,0
BRDA:15,2,0,0
BRDA:15,2,1,0
BRDA:43,3,0,0
BRDA:43,3,1,0
BRDA:46,4,0,0
BRDA:46,4,1,0
BRDA:47,5,0,0
BRDA:47,5,1,0
BRDA:65,6,0,0
BRDA:65,6,1,0
BRDA:76,7,0,0
BRDA:76,7,1,0
BRDA:79,8,0,0
BRDA:79,8,1,0
BRDA:98,9,0,0
BRDA:98,9,1,0
BRDA:120,10,0,0
BRDA:120,10,1,0
BRDA:126,11,0,0
BRDA:126,11,1,0
BRDA:134,12,0,0
BRDA:134,12,1,0
BRF:26
BRH:0
end_of_record
TN:
SF:client\src\lib\utils.ts
FN:5,cn
FN:10,formatDate
FN:16,getDueDateStatus
FN:30,getPriorityColor
FN:44,getStatusColor
FN:57,formatStatus
FN:70,getInitials
FN:73,(anonymous_7)
FN:80,getAvatarColor
FN:92,(anonymous_9)
FNF:10
FNH:0
FNDA:0,cn
FNDA:0,formatDate
FNDA:0,getDueDateStatus
FNDA:0,getPriorityColor
FNDA:0,getStatusColor
FNDA:0,formatStatus
FNDA:0,getInitials
FNDA:0,(anonymous_7)
FNDA:0,getAvatarColor
FNDA:0,(anonymous_9)
DA:6,0
DA:11,0
DA:12,0
DA:17,0
DA:19,0
DA:21,0
DA:22,0
DA:23,0
DA:24,0
DA:26,0
DA:31,0
DA:33,0
DA:35,0
DA:37,0
DA:39,0
DA:45,0
DA:47,0
DA:49,0
DA:52,0
DA:58,0
DA:60,0
DA:62,0
DA:65,0
DA:71,0
DA:73,0
DA:81,0
DA:92,0
DA:93,0
LF:28
LH:0
BRDA:11,0,0,0
BRDA:11,0,1,0
BRDA:17,1,0,0
BRDA:17,1,1,0
BRDA:21,2,0,0
BRDA:21,2,1,0
BRDA:22,3,0,0
BRDA:22,3,1,0
BRDA:23,4,0,0
BRDA:23,4,1,0
BRDA:24,5,0,0
BRDA:24,5,1,0
BRDA:31,6,0,0
BRDA:31,6,1,0
BRDA:31,6,2,0
BRDA:31,6,3,0
BRDA:45,7,0,0
BRDA:45,7,1,0
BRDA:45,7,2,0
BRDA:45,7,3,0
BRDA:58,8,0,0
BRDA:58,8,1,0
BRDA:58,8,2,0
BRDA:58,8,3,0
BRF:24
BRH:0
end_of_record
TN:
SF:client\src\lib\websocket.ts
FN:26,connectWebSocket
FN:39,(anonymous_1)
FN:49,(anonymous_2)
FN:59,(anonymous_3)
FN:76,(anonymous_4)
FN:89,(anonymous_5)
FN:95,(anonymous_6)
FN:103,disconnectWebSocket
FN:120,handleNotification
FN:124,(anonymous_9)
FN:130,getNotificationTitle
FN:144,addNotificationListener
FN:146,(anonymous_12)
FN:155,useWebSocket
FN:159,(anonymous_14)
FN:166,(anonymous_15)
FN:174,(anonymous_16)
FN:175,(anonymous_17)
FN:179,(anonymous_18)
FNF:19
FNH:0
FNDA:0,connectWebSocket
FNDA:0,(anonymous_1)
FNDA:0,(anonymous_2)
FNDA:0,(anonymous_3)
FNDA:0,(anonymous_4)
FNDA:0,(anonymous_5)
FNDA:0,(anonymous_6)
FNDA:0,disconnectWebSocket
FNDA:0,handleNotification
FNDA:0,(anonymous_9)
FNDA:0,getNotificationTitle
FNDA:0,addNotificationListener
FNDA:0,(anonymous_12)
FNDA:0,useWebSocket
FNDA:0,(anonymous_14)
FNDA:0,(anonymous_15)
FNDA:0,(anonymous_16)
FNDA:0,(anonymous_17)
FNDA:0,(anonymous_18)
DA:16,0
DA:17,0
DA:18,0
DA:19,0
DA:20,0
DA:23,0
DA:27,0
DA:28,0
DA:29,0
DA:32,0
DA:33,0
DA:35,0
DA:37,0
DA:39,0
DA:40,0
DA:41,0
DA:44,0
DA:45,0
DA:49,0
DA:50,0
DA:51,0
DA:59,0
DA:60,0
DA:61,0
DA:64,0
DA:65,0
DA:66,0
DA:67,0
DA:68,0
DA:69,0
DA:72,0
DA:76,0
DA:77,0
DA:80,0
DA:81,0
DA:82,0
DA:86,0
DA:87,0
DA:88,0
DA:89,0
DA:91,0
DA:95,0
DA:96,0
DA:99,0
DA:104,0
DA:105,0
DA:106,0
DA:107,0
DA:110,0
DA:111,0
DA:114,0
DA:115,0
DA:121,0
DA:124,0
DA:131,0
DA:133,0
DA:135,0
DA:137,0
DA:139,0
DA:145,0
DA:146,0
DA:147,0
DA:148,0
DA:149,0
DA:156,0
DA:157,0
DA:159,0
DA:160,0
DA:163,0
DA:166,0
DA:167,0
DA:170,0
DA:171,0
DA:174,0
DA:175,0
DA:179,0
DA:180,0
DA:181,0
DA:182,0
DA:186,0
LF:80
LH:0
BRDA:27,0,0,0
BRDA:27,0,1,0
BRDA:27,1,0,0
BRDA:27,1,1,0
BRDA:44,2,0,0
BRDA:44,2,1,0
BRDA:50,3,0,0
BRDA:50,3,1,0
BRDA:50,4,0,0
BRDA:50,4,1,0
BRDA:64,5,0,0
BRDA:64,5,1,0
BRDA:66,6,0,0
BRDA:66,6,1,0
BRDA:68,7,0,0
BRDA:68,7,1,0
BRDA:68,8,0,0
BRDA:68,8,1,0
BRDA:69,9,0,0
BRDA:69,9,1,0
BRDA:80,10,0,0
BRDA:80,10,1,0
BRDA:86,11,0,0
BRDA:86,11,1,0
BRDA:104,12,0,0
BRDA:104,12,1,0
BRDA:105,13,0,0
BRDA:105,13,1,0
BRDA:110,14,0,0
BRDA:110,14,1,0
BRDA:131,15,0,0
BRDA:131,15,1,0
BRDA:131,15,2,0
BRDA:131,15,3,0
BRDA:148,16,0,0
BRDA:148,16,1,0
BRDA:160,17,0,0
BRDA:160,17,1,0
BRF:38
BRH:0
end_of_record
TN:
SF:client\src\pages\assigned-tasks-page.tsx
FN:27,AssignedTasksPage
FN:42,(anonymous_1)
FN:45,(anonymous_2)
FN:56,(anonymous_3)
FN:85,(anonymous_4)
FN:88,(anonymous_5)
FN:96,(anonymous_6)
FN:106,(anonymous_7)
FN:112,(anonymous_8)
FN:117,(anonymous_9)
FN:125,(anonymous_10)
FN:132,(anonymous_11)
FN:194,(anonymous_12)
FN:216,(anonymous_13)
FN:221,(anonymous_14)
FN:251,(anonymous_15)
FN:256,(anonymous_16)
FNF:17
FNH:0
FNDA:0,AssignedTasksPage
FNDA:0,(anonymous_1)
FNDA:0,(anonymous_2)
FNDA:0,(anonymous_3)
FNDA:0,(anonymous_4)
FNDA:0,(anonymous_5)
FNDA:0,(anonymous_6)
FNDA:0,(anonymous_7)
FNDA:0,(anonymous_8)
FNDA:0,(anonymous_9)
FNDA:0,(anonymous_10)
FNDA:0,(anonymous_11)
FNDA:0,(anonymous_12)
FNDA:0,(anonymous_13)
FNDA:0,(anonymous_14)
FNDA:0,(anonymous_15)
FNDA:0,(anonymous_16)
DA:28,0
DA:29,0
DA:30,0
DA:31,0
DA:32,0
DA:33,0
DA:38,0
DA:39,0
DA:42,0
DA:44,0
DA:45,0
DA:48,0
DA:49,0
DA:51,0
DA:56,0
DA:58,0
DA:59,0
DA:60,0
DA:61,0
DA:62,0
DA:64,0
DA:65,0
DA:66,0
DA:68,0
DA:73,0
DA:76,0
DA:79,0
DA:84,0
DA:86,0
DA:89,0
DA:90,0
DA:91,0
DA:97,0
DA:106,0
DA:107,0
DA:108,0
DA:112,0
DA:113,0
DA:117,0
DA:118,0
DA:119,0
DA:120,0
DA:125,0
DA:126,0
DA:132,0
DA:134,0
DA:136,0
DA:140,0
DA:141,0
DA:145,0
DA:146,0
DA:150,0
DA:151,0
DA:152,0
DA:154,0
DA:156,0
DA:158,0
DA:160,0
DA:161,0
DA:162,0
DA:163,0
DA:165,0
DA:166,0
DA:167,0
DA:168,0
DA:170,0
DA:171,0
DA:172,0
DA:173,0
DA:175,0
DA:176,0
DA:180,0
DA:183,0
DA:194,0
DA:216,0
DA:222,0
DA:223,0
DA:251,0
DA:256,0
LF:79
LH:0
BRDA:48,0,0,0
BRDA:48,0,1,0
BRDA:48,1,0,0
BRDA:48,1,1,0
BRDA:48,1,2,0
BRDA:60,2,0,0
BRDA:60,2,1,0
BRDA:76,3,0,0
BRDA:76,3,1,0
BRDA:79,4,0,0
BRDA:118,5,0,0
BRDA:118,5,1,0
BRDA:134,6,0,0
BRDA:134,6,1,0
BRDA:134,7,0,0
BRDA:134,7,1,0
BRDA:134,7,2,0
BRDA:134,7,3,0
BRDA:140,8,0,0
BRDA:140,8,1,0
BRDA:140,9,0,0
BRDA:140,9,1,0
BRDA:140,9,2,0
BRDA:145,10,0,0
BRDA:145,10,1,0
BRDA:145,11,0,0
BRDA:145,11,1,0
BRDA:145,11,2,0
BRDA:150,12,0,0
BRDA:150,12,1,0
BRDA:154,13,0,0
BRDA:154,13,1,0
BRDA:156,14,0,0
BRDA:156,14,1,0
BRDA:160,15,0,0
BRDA:160,15,1,0
BRDA:163,16,0,0
BRDA:163,16,1,0
BRDA:165,17,0,0
BRDA:165,17,1,0
BRDA:168,18,0,0
BRDA:168,18,1,0
BRDA:170,19,0,0
BRDA:170,19,1,0
BRDA:173,20,0,0
BRDA:173,20,1,0
BRDA:175,21,0,0
BRDA:175,21,1,0
BRDA:231,22,0,0
BRDA:231,22,1,0
BRF:50
BRH:0
end_of_record
TN:
SF:client\src\pages\auth-page.tsx
FN:45,(anonymous_0)
FN:52,AuthPage
FN:79,(anonymous_2)
FN:83,(anonymous_3)
FN:91,(anonymous_4)
FN:102,(anonymous_5)
FN:107,(anonymous_6)
FN:115,(anonymous_7)
FN:125,(anonymous_8)
FN:126,(anonymous_9)
FN:144,(anonymous_10)
FN:148,(anonymous_11)
FN:286,(anonymous_12)
FNF:13
FNH:0
FNDA:0,(anonymous_0)
FNDA:0,AuthPage
FNDA:0,(anonymous_2)
FNDA:0,(anonymous_3)
FNDA:0,(anonymous_4)
FNDA:0,(anonymous_5)
FNDA:0,(anonymous_6)
FNDA:0,(anonymous_7)
FNDA:0,(anonymous_8)
FNDA:0,(anonymous_9)
FNDA:0,(anonymous_10)
FNDA:0,(anonymous_11)
FNDA:0,(anonymous_12)
DA:33,0
DA:40,0
DA:45,0
DA:53,0
DA:54,0
DA:55,0
DA:58,0
DA:67,0
DA:78,0
DA:80,0
DA:81,0
DA:84,0
DA:85,0
DA:89,0
DA:92,0
DA:101,0
DA:103,0
DA:104,0
DA:105,0
DA:108,0
DA:109,0
DA:113,0
DA:116,0
DA:125,0
DA:126,0
DA:127,0
DA:128,0
DA:129,0
DA:130,0
DA:131,0
DA:132,0
DA:136,0
DA:140,0
DA:144,0
DA:145,0
DA:148,0
DA:149,0
DA:152,0
DA:286,0
LF:39
LH:0
BRDA:129,0,0,0
BRDA:129,0,1,0
BRDA:160,1,0,0
BRDA:160,1,1,0
BRDA:163,2,0,0
BRDA:163,2,1,0
BRDA:169,3,0,0
BRDA:169,3,1,0
BRDA:179,4,0,0
BRDA:179,4,1,0
BRDA:192,5,0,0
BRDA:192,5,1,0
BRDA:205,6,0,0
BRDA:205,6,1,0
BRDA:218,7,0,0
BRDA:218,7,1,0
BRDA:228,8,0,0
BRDA:228,8,1,0
BRDA:243,9,0,0
BRDA:243,9,1,0
BRDA:256,10,0,0
BRDA:256,10,1,0
BRDA:276,11,0,0
BRDA:276,11,1,0
BRDA:288,12,0,0
BRDA:288,12,1,0
BRF:26
BRH:0
end_of_record
TN:
SF:client\src\pages\created-tasks-page.tsx
FN:26,CreatedTasksPage
FN:51,(anonymous_1)
FN:54,(anonymous_2)
FN:62,(anonymous_3)
FN:72,(anonymous_4)
FN:78,(anonymous_5)
FN:83,(anonymous_6)
FN:91,(anonymous_7)
FN:98,(anonymous_8)
FN:160,(anonymous_9)
FN:182,(anonymous_10)
FN:187,(anonymous_11)
FN:217,(anonymous_12)
FN:222,(anonymous_13)
FNF:14
FNH:0
FNDA:0,CreatedTasksPage
FNDA:0,(anonymous_1)
FNDA:0,(anonymous_2)
FNDA:0,(anonymous_3)
FNDA:0,(anonymous_4)
FNDA:0,(anonymous_5)
FNDA:0,(anonymous_6)
FNDA:0,(anonymous_7)
FNDA:0,(anonymous_8)
FNDA:0,(anonymous_9)
FNDA:0,(anonymous_10)
FNDA:0,(anonymous_11)
FNDA:0,(anonymous_12)
FNDA:0,(anonymous_13)
DA:27,0
DA:28,0
DA:29,0
DA:30,0
DA:31,0
DA:32,0
DA:37,0
DA:40,0
DA:45,0
DA:50,0
DA:52,0
DA:55,0
DA:56,0
DA:57,0
DA:63,0
DA:72,0
DA:73,0
DA:74,0
DA:78,0
DA:79,0
DA:83,0
DA:84,0
DA:85,0
DA:86,0
DA:91,0
DA:92,0
DA:98,0
DA:100,0
DA:102,0
DA:106,0
DA:107,0
DA:111,0
DA:112,0
DA:116,0
DA:117,0
DA:118,0
DA:120,0
DA:122,0
DA:124,0
DA:126,0
DA:127,0
DA:128,0
DA:129,0
DA:131,0
DA:132,0
DA:133,0
DA:134,0
DA:136,0
DA:137,0
DA:138,0
DA:139,0
DA:141,0
DA:142,0
DA:146,0
DA:149,0
DA:160,0
DA:182,0
DA:188,0
DA:189,0
DA:217,0
DA:222,0
LF:61
LH:0
BRDA:40,0,0,0
BRDA:45,1,0,0
BRDA:84,2,0,0
BRDA:84,2,1,0
BRDA:100,3,0,0
BRDA:100,3,1,0
BRDA:100,4,0,0
BRDA:100,4,1,0
BRDA:100,4,2,0
BRDA:100,4,3,0
BRDA:106,5,0,0
BRDA:106,5,1,0
BRDA:106,6,0,0
BRDA:106,6,1,0
BRDA:106,6,2,0
BRDA:111,7,0,0
BRDA:111,7,1,0
BRDA:111,8,0,0
BRDA:111,8,1,0
BRDA:111,8,2,0
BRDA:116,9,0,0
BRDA:116,9,1,0
BRDA:120,10,0,0
BRDA:120,10,1,0
BRDA:122,11,0,0
BRDA:122,11,1,0
BRDA:126,12,0,0
BRDA:126,12,1,0
BRDA:129,13,0,0
BRDA:129,13,1,0
BRDA:131,14,0,0
BRDA:131,14,1,0
BRDA:134,15,0,0
BRDA:134,15,1,0
BRDA:136,16,0,0
BRDA:136,16,1,0
BRDA:139,17,0,0
BRDA:139,17,1,0
BRDA:141,18,0,0
BRDA:141,18,1,0
BRDA:197,19,0,0
BRDA:197,19,1,0
BRF:42
BRH:0
end_of_record
TN:
SF:client\src\pages\dashboard-page.tsx
FN:92,isValidImage
FN:96,DashboardPage
FN:135,(anonymous_2)
FN:136,(anonymous_3)
FN:137,(anonymous_4)
FN:152,(anonymous_5)
FN:157,(anonymous_6)
FN:162,(anonymous_7)
FN:181,(anonymous_8)
FN:188,(anonymous_9)
FN:192,(anonymous_10)
FN:192,(anonymous_11)
FN:199,(anonymous_12)
FN:203,(anonymous_13)
FN:203,(anonymous_14)
FN:208,(anonymous_15)
FN:229,(anonymous_16)
FN:237,loadUsers
FN:305,loadTasks
FN:308,(anonymous_19)
FN:327,createTask
FN:370,(anonymous_21)
FN:385,updateTaskStatus
FN:398,(anonymous_23)
FN:399,(anonymous_24)
FN:414,deleteTask
FN:430,(anonymous_26)
FN:430,(anonymous_27)
FN:442,getUserName
FN:449,(anonymous_29)
FN:459,isThisWeek
FN:467,(anonymous_31)
FN:468,(anonymous_32)
FN:472,(anonymous_33)
FN:476,(anonymous_34)
FN:480,(anonymous_35)
FN:481,(anonymous_36)
FN:490,(anonymous_37)
FN:561,(anonymous_38)
FN:727,(anonymous_39)
FN:737,(anonymous_40)
FN:745,(anonymous_41)
FN:761,(anonymous_42)
FN:791,(anonymous_43)
FN:801,(anonymous_44)
FN:811,(anonymous_45)
FN:818,(anonymous_46)
FN:819,(anonymous_47)
FN:833,(anonymous_48)
FN:859,(anonymous_49)
FN:885,(anonymous_50)
FN:898,(anonymous_51)
FN:915,(anonymous_52)
FN:932,(anonymous_53)
FN:946,(anonymous_54)
FN:951,(anonymous_55)
FN:951,(anonymous_56)
FN:1003,(anonymous_57)
FN:1013,(anonymous_58)
FN:1061,(anonymous_59)
FN:1069,(anonymous_60)
FN:1098,(anonymous_61)
FN:1108,(anonymous_62)
FNF:63
FNH:0
FNDA:0,isValidImage
FNDA:0,DashboardPage
FNDA:0,(anonymous_2)
FNDA:0,(anonymous_3)
FNDA:0,(anonymous_4)
FNDA:0,(anonymous_5)
FNDA:0,(anonymous_6)
FNDA:0,(anonymous_7)
FNDA:0,(anonymous_8)
FNDA:0,(anonymous_9)
FNDA:0,(anonymous_10)
FNDA:0,(anonymous_11)
FNDA:0,(anonymous_12)
FNDA:0,(anonymous_13)
FNDA:0,(anonymous_14)
FNDA:0,(anonymous_15)
FNDA:0,(anonymous_16)
FNDA:0,loadUsers
FNDA:0,loadTasks
FNDA:0,(anonymous_19)
FNDA:0,createTask
FNDA:0,(anonymous_21)
FNDA:0,updateTaskStatus
FNDA:0,(anonymous_23)
FNDA:0,(anonymous_24)
FNDA:0,deleteTask
FNDA:0,(anonymous_26)
FNDA:0,(anonymous_27)
FNDA:0,getUserName
FNDA:0,(anonymous_29)
FNDA:0,isThisWeek
FNDA:0,(anonymous_31)
FNDA:0,(anonymous_32)
FNDA:0,(anonymous_33)
FNDA:0,(anonymous_34)
FNDA:0,(anonymous_35)
FNDA:0,(anonymous_36)
FNDA:0,(anonymous_37)
FNDA:0,(anonymous_38)
FNDA:0,(anonymous_39)
FNDA:0,(anonymous_40)
FNDA:0,(anonymous_41)
FNDA:0,(anonymous_42)
FNDA:0,(anonymous_43)
FNDA:0,(anonymous_44)
FNDA:0,(anonymous_45)
FNDA:0,(anonymous_46)
FNDA:0,(anonymous_47)
FNDA:0,(anonymous_48)
FNDA:0,(anonymous_49)
FNDA:0,(anonymous_50)
FNDA:0,(anonymous_51)
FNDA:0,(anonymous_52)
FNDA:0,(anonymous_53)
FNDA:0,(anonymous_54)
FNDA:0,(anonymous_55)
FNDA:0,(anonymous_56)
FNDA:0,(anonymous_57)
FNDA:0,(anonymous_58)
FNDA:0,(anonymous_59)
FNDA:0,(anonymous_60)
FNDA:0,(anonymous_61)
FNDA:0,(anonymous_62)
DA:93,0
DA:97,0
DA:98,0
DA:100,0
DA:102,0
DA:103,0
DA:105,0
DA:106,0
DA:107,0
DA:108,0
DA:109,0
DA:110,0
DA:111,0
DA:112,0
DA:113,0
DA:114,0
DA:115,0
DA:120,0
DA:123,0
DA:133,0
DA:135,0
DA:136,0
DA:137,0
DA:140,0
DA:146,0
DA:152,0
DA:154,0
DA:157,0
DA:158,0
DA:161,0
DA:162,0
DA:163,0
DA:164,0
DA:165,0
DA:168,0
DA:169,0
DA:175,0
DA:176,0
DA:179,0
DA:181,0
DA:182,0
DA:183,0
DA:186,0
DA:189,0
DA:190,0
DA:192,0
DA:193,0
DA:194,0
DA:200,0
DA:201,0
DA:203,0
DA:204,0
DA:205,0
DA:209,0
DA:210,0
DA:214,0
DA:215,0
DA:216,0
DA:222,0
DA:225,0
DA:229,0
DA:230,0
DA:231,0
DA:238,0
DA:239,0
DA:242,0
DA:250,0
DA:251,0
DA:252,0
DA:255,0
DA:257,0
DA:260,0
DA:261,0
DA:262,0
DA:267,0
DA:268,0
DA:272,0
DA:273,0
DA:274,0
DA:279,0
DA:280,0
DA:283,0
DA:284,0
DA:286,0
DA:289,0
DA:290,0
DA:295,0
DA:296,0
DA:297,0
DA:300,0
DA:306,0
DA:307,0
DA:308,0
DA:310,0
DA:311,0
DA:313,0
DA:314,0
DA:315,0
DA:317,0
DA:320,0
DA:321,0
DA:322,0
DA:328,0
DA:330,0
DA:331,0
DA:336,0
DA:339,0
DA:341,0
DA:349,0
DA:350,0
DA:353,0
DA:359,0
DA:367,0
DA:370,0
DA:372,0
DA:374,0
DA:386,0
DA:387,0
DA:392,0
DA:398,0
DA:399,0
DA:400,0
DA:404,0
DA:405,0
DA:415,0
DA:416,0
DA:419,0
DA:425,0
DA:426,0
DA:430,0
DA:432,0
DA:433,0
DA:444,0
DA:445,0
DA:449,0
DA:450,0
DA:451,0
DA:455,0
DA:460,0
DA:461,0
DA:462,0
DA:463,0
DA:467,0
DA:468,0
DA:469,0
DA:472,0
DA:476,0
DA:477,0
DA:480,0
DA:481,0
DA:490,0
DA:493,0
DA:503,0
DA:509,0
DA:514,0
DA:521,0
DA:524,0
DA:527,0
DA:562,0
DA:563,0
DA:564,0
DA:727,0
DA:737,0
DA:745,0
DA:761,0
DA:791,0
DA:801,0
DA:811,0
DA:818,0
DA:820,0
DA:833,0
DA:859,0
DA:886,0
DA:898,0
DA:915,0
DA:932,0
DA:946,0
DA:951,0
DA:952,0
DA:1003,0
DA:1014,0
DA:1062,0
DA:1063,0
DA:1069,0
DA:1098,0
DA:1108,0
LF:186
LH:0
BRDA:93,0,0,0
BRDA:93,0,1,0
BRDA:93,0,2,0
BRDA:100,1,0,0
BRDA:100,1,1,0
BRDA:102,2,0,0
BRDA:102,2,1,0
BRDA:163,3,0,0
BRDA:163,3,1,0
BRDA:163,4,0,0
BRDA:163,4,1,0
BRDA:168,5,0,0
BRDA:168,5,1,0
BRDA:168,6,0,0
BRDA:168,6,1,0
BRDA:175,7,0,0
BRDA:175,7,1,0
BRDA:175,8,0,0
BRDA:175,8,1,0
BRDA:179,9,0,0
BRDA:179,9,1,0
BRDA:190,10,0,0
BRDA:190,10,1,0
BRDA:194,11,0,0
BRDA:194,11,1,0
BRDA:209,12,0,0
BRDA:209,12,1,0
BRDA:215,13,0,0
BRDA:215,13,1,0
BRDA:250,14,0,0
BRDA:250,14,1,0
BRDA:260,15,0,0
BRDA:260,15,1,0
BRDA:260,16,0,0
BRDA:260,16,1,0
BRDA:260,16,2,0
BRDA:272,17,0,0
BRDA:272,17,1,0
BRDA:272,18,0,0
BRDA:272,18,1,0
BRDA:272,18,2,0
BRDA:289,19,0,0
BRDA:289,19,1,0
BRDA:330,20,0,0
BRDA:330,20,1,0
BRDA:344,21,0,0
BRDA:344,21,1,0
BRDA:376,22,0,0
BRDA:376,22,1,0
BRDA:400,23,0,0
BRDA:400,23,1,0
BRDA:425,24,0,0
BRDA:425,24,1,0
BRDA:444,25,0,0
BRDA:444,25,1,0
BRDA:444,26,0,0
BRDA:444,26,1,0
BRDA:450,27,0,0
BRDA:450,27,1,0
BRDA:455,28,0,0
BRDA:455,28,1,0
BRDA:463,29,0,0
BRDA:463,29,1,0
BRDA:483,30,0,0
BRDA:483,30,1,0
BRDA:483,31,0,0
BRDA:483,31,1,0
BRDA:483,31,2,0
BRDA:493,32,0,0
BRDA:493,32,1,0
BRDA:493,32,2,0
BRDA:493,32,3,0
BRDA:493,32,4,0
BRDA:493,32,5,0
BRDA:493,32,6,0
BRDA:493,32,7,0
BRDA:493,32,8,0
BRDA:493,32,9,0
BRDA:493,32,10,0
BRDA:493,32,11,0
BRDA:493,32,12,0
BRDA:493,32,13,0
BRDA:503,33,0,0
BRDA:503,33,1,0
BRDA:503,33,2,0
BRDA:503,33,3,0
BRDA:509,34,0,0
BRDA:509,34,1,0
BRDA:514,35,0,0
BRDA:514,35,1,0
BRDA:514,35,2,0
BRDA:514,35,3,0
BRDA:514,35,4,0
BRDA:514,35,5,0
BRDA:514,35,6,0
BRDA:514,35,7,0
BRDA:514,35,8,0
BRDA:514,35,9,0
BRDA:521,36,0,0
BRDA:521,36,1,0
BRDA:524,37,0,0
BRDA:524,37,1,0
BRDA:524,37,2,0
BRDA:524,37,3,0
BRDA:524,37,4,0
BRDA:538,38,0,0
BRDA:538,38,1,0
BRDA:562,39,0,0
BRDA:562,39,1,0
BRDA:562,40,0,0
BRDA:562,40,1,0
BRDA:596,41,0,0
BRDA:596,41,1,0
BRDA:609,42,0,0
BRDA:609,42,1,0
BRDA:609,43,0,0
BRDA:609,43,1,0
BRDA:625,44,0,0
BRDA:625,44,1,0
BRDA:625,45,0,0
BRDA:625,45,1,0
BRDA:641,46,0,0
BRDA:641,46,1,0
BRDA:641,47,0,0
BRDA:641,47,1,0
BRDA:653,48,0,0
BRDA:653,48,1,0
BRDA:784,49,0,0
BRDA:784,49,1,0
BRDA:790,50,0,0
BRDA:790,50,1,0
BRDA:800,51,0,0
BRDA:800,51,1,0
BRDA:801,52,0,0
BRDA:801,52,1,0
BRDA:811,53,0,0
BRDA:811,53,1,0
BRDA:860,54,0,0
BRDA:860,54,1,0
BRDA:864,55,0,0
BRDA:864,55,1,0
BRDA:864,55,2,0
BRDA:864,55,3,0
BRDA:873,56,0,0
BRDA:873,56,1,0
BRDA:897,57,0,0
BRDA:897,57,1,0
BRDA:914,58,0,0
BRDA:914,58,1,0
BRDA:931,59,0,0
BRDA:931,59,1,0
BRDA:941,60,0,0
BRDA:941,60,1,0
BRDA:946,61,0,0
BRDA:946,61,1,0
BRDA:976,62,0,0
BRDA:976,62,1,0
BRDA:981,63,0,0
BRDA:981,63,1,0
BRDA:987,64,0,0
BRDA:987,64,1,0
BRDA:993,65,0,0
BRDA:993,65,1,0
BRDA:1027,66,0,0
BRDA:1027,66,1,0
BRDA:1029,67,0,0
BRDA:1029,67,1,0
BRDA:1033,68,0,0
BRDA:1033,68,1,0
BRDA:1033,68,2,0
BRDA:1042,69,0,0
BRDA:1042,69,1,0
BRDA:1043,70,0,0
BRDA:1043,70,1,0
BRDA:1044,71,0,0
BRDA:1044,71,1,0
BRDA:1045,72,0,0
BRDA:1045,72,1,0
BRDA:1046,73,0,0
BRDA:1046,73,1,0
BRDA:1047,74,0,0
BRDA:1047,74,1,0
BRDA:1081,75,0,0
BRDA:1081,75,1,0
BRDA:1086,76,0,0
BRDA:1086,76,1,0
BRDA:1087,77,0,0
BRDA:1087,77,1,0
BRDA:1088,78,0,0
BRDA:1088,78,1,0
BRDA:1093,79,0,0
BRDA:1093,79,1,0
BRF:192
BRH:0
end_of_record
TN:
SF:client\src\pages\home-page.tsx
FN:4,HomePage
FN:7,(anonymous_1)
FNF:2
FNH:0
FNDA:0,HomePage
FNDA:0,(anonymous_1)
DA:5,0
DA:7,0
DA:9,0
DA:13,0
LF:4
LH:0
BRF:0
BRH:0
end_of_record
TN:
SF:client\src\pages\not-found.tsx
FN:4,NotFound
FNF:1
FNH:0
FNDA:0,NotFound
DA:5,0
LF:1
LH:0
BRF:0
BRH:0
end_of_record
TN:
SF:client\src\pages\overdue-tasks-page.tsx
FN:27,OverdueTasksPage
FN:52,(anonymous_1)
FN:55,(anonymous_2)
FN:63,(anonymous_3)
FN:73,(anonymous_4)
FN:79,(anonymous_5)
FN:84,(anonymous_6)
FN:92,(anonymous_7)
FN:99,(anonymous_8)
FN:130,(anonymous_9)
FN:161,(anonymous_10)
FN:166,(anonymous_11)
FN:196,(anonymous_12)
FN:201,(anonymous_13)
FNF:14
FNH:0
FNDA:0,OverdueTasksPage
FNDA:0,(anonymous_1)
FNDA:0,(anonymous_2)
FNDA:0,(anonymous_3)
FNDA:0,(anonymous_4)
FNDA:0,(anonymous_5)
FNDA:0,(anonymous_6)
FNDA:0,(anonymous_7)
FNDA:0,(anonymous_8)
FNDA:0,(anonymous_9)
FNDA:0,(anonymous_10)
FNDA:0,(anonymous_11)
FNDA:0,(anonymous_12)
FNDA:0,(anonymous_13)
DA:28,0
DA:29,0
DA:30,0
DA:31,0
DA:32,0
DA:33,0
DA:38,0
DA:41,0
DA:46,0
DA:51,0
DA:53,0
DA:56,0
DA:57,0
DA:58,0
DA:64,0
DA:73,0
DA:74,0
DA:75,0
DA:79,0
DA:80,0
DA:84,0
DA:85,0
DA:86,0
DA:87,0
DA:92,0
DA:93,0
DA:99,0
DA:101,0
DA:103,0
DA:107,0
DA:108,0
DA:112,0
DA:113,0
DA:116,0
DA:119,0
DA:130,0
DA:161,0
DA:167,0
DA:168,0
DA:196,0
DA:201,0
LF:41
LH:0
BRDA:41,0,0,0
BRDA:46,1,0,0
BRDA:85,2,0,0
BRDA:85,2,1,0
BRDA:101,3,0,0
BRDA:101,3,1,0
BRDA:101,4,0,0
BRDA:101,4,1,0
BRDA:101,4,2,0
BRDA:101,4,3,0
BRDA:107,5,0,0
BRDA:107,5,1,0
BRDA:107,6,0,0
BRDA:107,6,1,0
BRDA:107,6,2,0
BRDA:112,7,0,0
BRDA:112,7,1,0
BRDA:112,8,0,0
BRDA:112,8,1,0
BRDA:112,8,2,0
BRDA:134,9,0,0
BRDA:134,9,1,0
BRDA:138,10,0,0
BRDA:138,10,1,0
BRDA:176,11,0,0
BRDA:176,11,1,0
BRF:26
BRH:0
end_of_record
TN:
SF:client\src\pages\tasks-page.tsx
FN:26,TasksPage
FN:51,(anonymous_1)
FN:54,(anonymous_2)
FN:61,(anonymous_3)
FN:71,(anonymous_4)
FN:77,(anonymous_5)
FN:82,(anonymous_6)
FN:90,(anonymous_7)
FN:97,(anonymous_8)
FN:159,(anonymous_9)
FN:181,(anonymous_10)
FN:186,(anonymous_11)
FN:216,(anonymous_12)
FN:221,(anonymous_13)
FNF:14
FNH:0
FNDA:0,TasksPage
FNDA:0,(anonymous_1)
FNDA:0,(anonymous_2)
FNDA:0,(anonymous_3)
FNDA:0,(anonymous_4)
FNDA:0,(anonymous_5)
FNDA:0,(anonymous_6)
FNDA:0,(anonymous_7)
FNDA:0,(anonymous_8)
FNDA:0,(anonymous_9)
FNDA:0,(anonymous_10)
FNDA:0,(anonymous_11)
FNDA:0,(anonymous_12)
FNDA:0,(anonymous_13)
DA:27,0
DA:28,0
DA:29,0
DA:30,0
DA:31,0
DA:32,0
DA:37,0
DA:40,0
DA:45,0
DA:50,0
DA:52,0
DA:55,0
DA:56,0
DA:62,0
DA:71,0
DA:72,0
DA:73,0
DA:77,0
DA:78,0
DA:82,0
DA:83,0
DA:84,0
DA:85,0
DA:90,0
DA:91,0
DA:97,0
DA:99,0
DA:101,0
DA:105,0
DA:106,0
DA:110,0
DA:111,0
DA:115,0
DA:116,0
DA:117,0
DA:119,0
DA:121,0
[...]
BRDA:93,3,0,0
BRDA:93,3,1,0
BRDA:99,4,0,0
BRDA:99,4,1,0
BRF:10
BRH:0
end_of_record
TN:
SF:server\storage-updated.ts
FN:71,ensureValidTaskColor
FN:91,(anonymous_1)
FN:108,(anonymous_2)
FN:112,(anonymous_3)
FN:114,(anonymous_4)
FN:118,(anonymous_5)
FN:142,(anonymous_6)
FN:146,(anonymous_7)
FN:161,(anonymous_8)
FN:165,(anonymous_9)
FN:204,(anonymous_10)
FN:235,(anonymous_11)
FN:239,(anonymous_12)
FN:243,(anonymous_13)
FN:245,(anonymous_14)
FN:249,(anonymous_15)
FN:251,(anonymous_16)
FN:255,(anonymous_17)
FN:258,(anonymous_18)
FN:265,(anonymous_19)
FN:272,(anonymous_20)
FN:281,(anonymous_21)
FN:285,(anonymous_22)
FN:290,(anonymous_23)
FN:297,(anonymous_24)
FN:301,(anonymous_25)
FN:309,(anonymous_26)
FN:324,(anonymous_27)
FN:326,(anonymous_28)
FN:327,(anonymous_29)
FN:330,(anonymous_30)
FN:340,(anonymous_31)
FN:354,(anonymous_32)
FN:358,(anonymous_33)
FN:362,(anonymous_34)
FN:366,(anonymous_35)
FN:370,(anonymous_36)
FN:374,(anonymous_37)
FN:388,(anonymous_38)
FN:390,(anonymous_39)
FN:391,(anonymous_40)
FN:394,(anonymous_41)
FN:396,(anonymous_42)
FN:397,(anonymous_43)
FN:401,(anonymous_44)
FN:473,(anonymous_45)
FN:485,(anonymous_46)
FN:490,(anonymous_47)
FN:495,(anonymous_48)
FN:500,(anonymous_49)
FN:504,(anonymous_50)
FN:529,(anonymous_51)
FN:534,(anonymous_52)
FN:542,(anonymous_53)
FN:550,(anonymous_54)
FN:555,(anonymous_55)
FN:559,(anonymous_56)
FN:563,(anonymous_57)
FN:567,(anonymous_58)
FN:581,(anonymous_59)
FN:592,(anonymous_60)
FN:601,(anonymous_61)
FN:605,(anonymous_62)
FN:610,(anonymous_63)
FN:617,(anonymous_64)
FN:621,(anonymous_65)
FN:629,(anonymous_66)
FN:637,(anonymous_67)
FN:643,(anonymous_68)
FN:651,(anonymous_69)
FN:659,(anonymous_70)
FN:680,(anonymous_71)
FN:690,(anonymous_72)
FN:696,(anonymous_73)
FN:703,(anonymous_74)
FNF:75
FNH:0
FNDA:0,ensureValidTaskColor
FNDA:0,(anonymous_1)
FNDA:0,(anonymous_2)
FNDA:0,(anonymous_3)
FNDA:0,(anonymous_4)
FNDA:0,(anonymous_5)
FNDA:0,(anonymous_6)
FNDA:0,(anonymous_7)
FNDA:0,(anonymous_8)
FNDA:0,(anonymous_9)
FNDA:0,(anonymous_10)
FNDA:0,(anonymous_11)
FNDA:0,(anonymous_12)
FNDA:0,(anonymous_13)
FNDA:0,(anonymous_14)
FNDA:0,(anonymous_15)
FNDA:0,(anonymous_16)
FNDA:0,(anonymous_17)
FNDA:0,(anonymous_18)
FNDA:0,(anonymous_19)
FNDA:0,(anonymous_20)
FNDA:0,(anonymous_21)
FNDA:0,(anonymous_22)
FNDA:0,(anonymous_23)
FNDA:0,(anonymous_24)
FNDA:0,(anonymous_25)
FNDA:0,(anonymous_26)
FNDA:0,(anonymous_27)
FNDA:0,(anonymous_28)
FNDA:0,(anonymous_29)
FNDA:0,(anonymous_30)
FNDA:0,(anonymous_31)
FNDA:0,(anonymous_32)
FNDA:0,(anonymous_33)
FNDA:0,(anonymous_34)
FNDA:0,(anonymous_35)
FNDA:0,(anonymous_36)
FNDA:0,(anonymous_37)
FNDA:0,(anonymous_38)
FNDA:0,(anonymous_39)
FNDA:0,(anonymous_40)
FNDA:0,(anonymous_41)
FNDA:0,(anonymous_42)
FNDA:0,(anonymous_43)
FNDA:0,(anonymous_44)
FNDA:0,(anonymous_45)
FNDA:0,(anonymous_46)
FNDA:0,(anonymous_47)
FNDA:0,(anonymous_48)
FNDA:0,(anonymous_49)
FNDA:0,(anonymous_50)
FNDA:0,(anonymous_51)
FNDA:0,(anonymous_52)
FNDA:0,(anonymous_53)
FNDA:0,(anonymous_54)
FNDA:0,(anonymous_55)
FNDA:0,(anonymous_56)
FNDA:0,(anonymous_57)
FNDA:0,(anonymous_58)
FNDA:0,(anonymous_59)
FNDA:0,(anonymous_60)
FNDA:0,(anonymous_61)
FNDA:0,(anonymous_62)
FNDA:0,(anonymous_63)
FNDA:0,(anonymous_64)
FNDA:0,(anonymous_65)
FNDA:0,(anonymous_66)
FNDA:0,(anonymous_67)
FNDA:0,(anonymous_68)
FNDA:0,(anonymous_69)
FNDA:0,(anonymous_70)
FNDA:0,(anonymous_71)
FNDA:0,(anonymous_72)
FNDA:0,(anonymous_73)
FNDA:0,(anonymous_74)
DA:17,0
DA:18,0
DA:21,0
DA:22,0
DA:72,0
DA:73,0
DA:92,0
DA:93,0
DA:94,0
DA:95,0
DA:96,0
DA:97,0
DA:98,0
DA:99,0
DA:100,0
DA:101,0
DA:102,0
DA:109,0
DA:113,0
DA:114,0
DA:119,0
DA:120,0
DA:138,0
DA:139,0
DA:143,0
DA:147,0
DA:148,0
DA:151,0
DA:156,0
DA:157,0
DA:162,0
DA:166,0
DA:167,0
DA:168,0
DA:186,0
DA:189,0
DA:190,0
DA:191,0
DA:192,0
DA:201,0
DA:205,0
DA:206,0
DA:208,0
DA:210,0
DA:215,0
DA:218,0
DA:221,0
DA:222,0
DA:223,0
DA:232,0
DA:236,0
DA:240,0
DA:244,0
DA:245,0
DA:250,0
DA:251,0
DA:256,0
DA:257,0
DA:259,0
DA:266,0
DA:269,0
DA:270,0
DA:271,0
DA:273,0
DA:279,0
DA:280,0
DA:281,0
DA:284,0
DA:285,0
DA:288,0
DA:289,0
DA:290,0
DA:291,0
DA:296,0
DA:297,0
DA:300,0
DA:301,0
DA:305,0
DA:310,0
DA:311,0
DA:312,0
DA:320,0
DA:321,0
DA:325,0
DA:326,0
DA:327,0
DA:331,0
DA:332,0
DA:334,0
DA:335,0
DA:336,0
DA:341,0
DA:342,0
DA:343,0
DA:350,0
DA:351,0
DA:355,0
DA:357,0
DA:358,0
DA:361,0
DA:362,0
DA:365,0
DA:366,0
DA:370,0
DA:375,0
DA:376,0
DA:377,0
DA:384,0
DA:385,0
DA:389,0
DA:390,0
DA:391,0
DA:395,0
DA:396,0
DA:397,0
DA:403,0
DA:404,0
DA:407,0
DA:408,0
DA:409,0
DA:412,0
DA:413,0
DA:414,0
DA:416,0
DA:419,0
DA:421,0
DA:422,0
DA:424,0
DA:425,0
DA:427,0
DA:428,0
DA:432,0
DA:433,0
DA:447,0
DA:448,0
DA:451,0
DA:453,0
DA:454,0
DA:456,0
DA:457,0
DA:459,0
DA:460,0
DA:464,0
DA:474,0
DA:475,0
DA:486,0
DA:487,0
DA:491,0
DA:492,0
DA:496,0
DA:497,0
DA:501,0
DA:505,0
DA:506,0
DA:507,0
DA:510,0
DA:516,0
DA:521,0
DA:523,0
DA:524,0
DA:530,0
DA:531,0
DA:535,0
DA:539,0
DA:543,0
DA:547,0
DA:551,0
DA:552,0
DA:556,0
DA:560,0
DA:564,0
DA:568,0
DA:569,0
DA:584,0
DA:586,0
DA:589,0
DA:590,0
DA:591,0
DA:593,0
DA:599,0
DA:600,0
DA:601,0
DA:604,0
DA:605,0
DA:608,0
DA:609,0
DA:610,0
DA:611,0
DA:616,0
DA:617,0
DA:620,0
DA:621,0
DA:625,0
DA:630,0
DA:634,0
DA:638,0
DA:644,0
DA:647,0
DA:652,0
DA:656,0
DA:660,0
DA:663,0
DA:664,0
DA:667,0
DA:668,0
DA:671,0
DA:672,0
DA:676,0
DA:681,0
DA:687,0
DA:691,0
DA:697,0
DA:705,0
DA:706,0
DA:709,0
DA:710,0
DA:711,0
DA:714,0
DA:715,0
DA:716,0
DA:718,0
DA:721,0
DA:723,0
DA:724,0
DA:726,0
DA:727,0
DA:729,0
DA:730,0
DA:734,0
DA:735,0
DA:749,0
DA:750,0
DA:753,0
DA:755,0
DA:756,0
DA:758,0
DA:759,0
DA:761,0
DA:762,0
DA:766,0
DA:772,0
LF:241
LH:0
BRDA:22,0,0,0
BRDA:22,0,1,0
BRDA:72,1,0,0
BRDA:72,1,1,0
BRDA:73,2,0,0
BRDA:73,2,1,0
BRDA:125,3,0,0
BRDA:125,3,1,0
BRDA:128,4,0,0
BRDA:128,4,1,0
BRDA:129,5,0,0
BRDA:129,5,1,0
BRDA:148,6,0,0
BRDA:148,6,1,0
BRDA:172,7,0,0
BRDA:172,7,1,0
BRDA:173,8,0,0
BRDA:173,8,1,0
BRDA:174,9,0,0
BRDA:174,9,1,0
BRDA:175,10,0,0
BRDA:175,10,1,0
BRDA:176,11,0,0
BRDA:176,11,1,0
BRDA:178,12,0,0
BRDA:178,12,1,0
BRDA:179,13,0,0
BRDA:179,13,1,0
BRDA:180,14,0,0
BRDA:180,14,1,0
BRDA:181,15,0,0
BRDA:181,15,1,0
BRDA:183,16,0,0
BRDA:183,16,1,0
BRDA:189,17,0,0
BRDA:189,17,1,0
BRDA:189,18,0,0
BRDA:189,18,1,0
BRDA:191,19,0,0
BRDA:191,19,1,0
BRDA:206,20,0,0
BRDA:206,20,1,0
BRDA:218,21,0,0
BRDA:218,21,1,0
BRDA:218,22,0,0
BRDA:218,22,1,0
BRDA:218,22,2,0
BRDA:222,23,0,0
BRDA:222,23,1,0
BRDA:259,24,0,0
BRDA:259,24,1,0
BRDA:259,24,2,0
BRDA:259,24,3,0
BRDA:269,25,0,0
BRDA:269,25,1,0
BRDA:273,26,0,0
BRDA:273,26,1,0
BRDA:273,26,2,0
BRDA:279,27,0,0
BRDA:279,27,1,0
BRDA:280,28,0,0
BRDA:280,28,1,0
BRDA:280,29,0,0
BRDA:280,29,1,0
BRDA:284,30,0,0
BRDA:284,30,1,0
BRDA:284,31,0,0
BRDA:284,31,1,0
BRDA:288,32,0,0
BRDA:288,32,1,0
BRDA:291,33,0,0
BRDA:291,33,1,0
BRDA:296,34,0,0
BRDA:296,34,1,0
BRDA:300,35,0,0
BRDA:300,35,1,0
BRDA:316,36,0,0
BRDA:316,36,1,0
BRDA:317,37,0,0
BRDA:317,37,1,0
BRDA:332,38,0,0
BRDA:332,38,1,0
BRDA:347,39,0,0
BRDA:347,39,1,0
BRDA:357,40,0,0
BRDA:357,40,1,0
BRDA:361,41,0,0
BRDA:361,41,1,0
BRDA:365,42,0,0
BRDA:365,42,1,0
BRDA:381,43,0,0
BRDA:381,43,1,0
BRDA:403,44,0,0
BRDA:403,44,1,0
BRDA:403,45,0,0
BRDA:403,45,1,0
BRDA:407,46,0,0
BRDA:407,46,1,0
BRDA:408,47,0,0
BRDA:408,47,1,0
BRDA:408,48,0,0
BRDA:408,48,1,0
BRDA:408,48,2,0
BRDA:414,49,0,0
BRDA:414,49,1,0
BRDA:419,50,0,0
BRDA:419,50,1,0
BRDA:419,50,2,0
BRDA:451,51,0,0
BRDA:451,51,1,0
BRDA:451,51,2,0
BRDA:507,52,0,0
BRDA:507,52,1,0
BRDA:589,53,0,0
BRDA:589,53,1,0
BRDA:593,54,0,0
BRDA:593,54,1,0
BRDA:593,54,2,0
BRDA:599,55,0,0
BRDA:599,55,1,0
BRDA:600,56,0,0
BRDA:600,56,1,0
BRDA:600,57,0,0
BRDA:600,57,1,0
BRDA:604,58,0,0
BRDA:604,58,1,0
BRDA:604,59,0,0
BRDA:604,59,1,0
BRDA:608,60,0,0
BRDA:608,60,1,0
BRDA:611,61,0,0
BRDA:611,61,1,0
BRDA:616,62,0,0
BRDA:616,62,1,0
BRDA:620,63,0,0
BRDA:620,63,1,0
BRDA:663,64,0,0
BRDA:663,64,1,0
BRDA:667,65,0,0
BRDA:667,65,1,0
BRDA:671,66,0,0
BRDA:671,66,1,0
BRDA:684,67,0,0
BRDA:684,67,1,0
BRDA:705,68,0,0
BRDA:705,68,1,0
BRDA:705,69,0,0
BRDA:705,69,1,0
BRDA:709,70,0,0
BRDA:709,70,1,0
BRDA:710,71,0,0
BRDA:710,71,1,0
BRDA:710,72,0,0
BRDA:710,72,1,0
BRDA:710,72,2,0
BRDA:716,73,0,0
BRDA:716,73,1,0
BRDA:721,74,0,0
BRDA:721,74,1,0
BRDA:721,74,2,0
BRDA:753,75,0,0
BRDA:753,75,1,0
BRDA:753,75,2,0
BRF:163
BRH:0
end_of_record
TN:
SF:server\storage.ts
FN:85,(anonymous_0)
FN:102,(anonymous_1)
FN:106,(anonymous_2)
FN:108,(anonymous_3)
FN:112,(anonymous_4)
FN:136,(anonymous_5)
FN:140,(anonymous_6)
FN:172,(anonymous_7)
FN:193,(anonymous_8)
FN:208,(anonymous_9)
FN:212,(anonymous_10)
FN:251,(anonymous_11)
FN:282,(anonymous_12)
FN:286,(anonymous_13)
FN:290,(anonymous_14)
FN:292,(anonymous_15)
FN:296,(anonymous_16)
FN:298,(anonymous_17)
FN:302,(anonymous_18)
FN:305,(anonymous_19)
FN:312,(anonymous_20)
FN:319,(anonymous_21)
FN:328,(anonymous_22)
FN:332,(anonymous_23)
FN:337,(anonymous_24)
FN:344,(anonymous_25)
FN:348,(anonymous_26)
FN:356,(anonymous_27)
FN:371,(anonymous_28)
FN:373,(anonymous_29)
FN:374,(anonymous_30)
FN:377,(anonymous_31)
FN:387,(anonymous_32)
FN:401,(anonymous_33)
FN:405,(anonymous_34)
FN:409,(anonymous_35)
FN:413,(anonymous_36)
FN:417,(anonymous_37)
FN:421,(anonymous_38)
FN:435,(anonymous_39)
FN:437,(anonymous_40)
FN:438,(anonymous_41)
FN:441,(anonymous_42)
FN:443,(anonymous_43)
FN:444,(anonymous_44)
FN:448,(anonymous_45)
FN:520,(anonymous_46)
FN:532,(anonymous_47)
FN:537,(anonymous_48)
FN:542,(anonymous_49)
FN:547,(anonymous_50)
FN:551,(anonymous_51)
FN:588,(anonymous_52)
FN:622,(anonymous_53)
FN:647,(anonymous_54)
FN:652,(anonymous_55)
FN:660,(anonymous_56)
FN:668,(anonymous_57)
FN:673,(anonymous_58)
FN:677,(anonymous_59)
FN:681,(anonymous_60)
FN:685,(anonymous_61)
FN:699,(anonymous_62)
FN:710,(anonymous_63)
FN:719,(anonymous_64)
FN:723,(anonymous_65)
FN:728,(anonymous_66)
FN:735,(anonymous_67)
FN:739,(anonymous_68)
FN:747,(anonymous_69)
FN:755,(anonymous_70)
FN:761,(anonymous_71)
FN:769,(anonymous_72)
FN:777,(anonymous_73)
FN:798,(anonymous_74)
FN:808,(anonymous_75)
FN:814,(anonymous_76)
FN:821,(anonymous_77)
FNF:78
FNH:0
FNDA:0,(anonymous_0)
FNDA:0,(anonymous_1)
FNDA:0,(anonymous_2)
FNDA:0,(anonymous_3)
FNDA:0,(anonymous_4)
FNDA:0,(anonymous_5)
FNDA:0,(anonymous_6)
FNDA:0,(anonymous_7)
FNDA:0,(anonymous_8)
FNDA:0,(anonymous_9)
FNDA:0,(anonymous_10)
FNDA:0,(anonymous_11)
FNDA:0,(anonymous_12)
FNDA:0,(anonymous_13)
FNDA:0,(anonymous_14)
FNDA:0,(anonymous_15)
FNDA:0,(anonymous_16)
FNDA:0,(anonymous_17)
FNDA:0,(anonymous_18)
FNDA:0,(anonymous_19)
FNDA:0,(anonymous_20)
FNDA:0,(anonymous_21)
FNDA:0,(anonymous_22)
FNDA:0,(anonymous_23)
FNDA:0,(anonymous_24)
FNDA:0,(anonymous_25)
FNDA:0,(anonymous_26)
FNDA:0,(anonymous_27)
FNDA:0,(anonymous_28)
FNDA:0,(anonymous_29)
FNDA:0,(anonymous_30)
FNDA:0,(anonymous_31)
FNDA:0,(anonymous_32)
FNDA:0,(anonymous_33)
FNDA:0,(anonymous_34)
FNDA:0,(anonymous_35)
FNDA:0,(anonymous_36)
FNDA:0,(anonymous_37)
FNDA:0,(anonymous_38)
FNDA:0,(anonymous_39)
FNDA:0,(anonymous_40)
FNDA:0,(anonymous_41)
FNDA:0,(anonymous_42)
FNDA:0,(anonymous_43)
FNDA:0,(anonymous_44)
FNDA:0,(anonymous_45)
FNDA:0,(anonymous_46)
FNDA:0,(anonymous_47)
FNDA:0,(anonymous_48)
FNDA:0,(anonymous_49)
FNDA:0,(anonymous_50)
FNDA:0,(anonymous_51)
FNDA:0,(anonymous_52)
FNDA:0,(anonymous_53)
FNDA:0,(anonymous_54)
FNDA:0,(anonymous_55)
FNDA:0,(anonymous_56)
FNDA:0,(anonymous_57)
FNDA:0,(anonymous_58)
FNDA:0,(anonymous_59)
FNDA:0,(anonymous_60)
FNDA:0,(anonymous_61)
FNDA:0,(anonymous_62)
FNDA:0,(anonymous_63)
FNDA:0,(anonymous_64)
FNDA:0,(anonymous_65)
FNDA:0,(anonymous_66)
FNDA:0,(anonymous_67)
FNDA:0,(anonymous_68)
FNDA:0,(anonymous_69)
FNDA:0,(anonymous_70)
FNDA:0,(anonymous_71)
FNDA:0,(anonymous_72)
FNDA:0,(anonymous_73)
FNDA:0,(anonymous_74)
FNDA:0,(anonymous_75)
FNDA:0,(anonymous_76)
FNDA:0,(anonymous_77)
DA:17,0
DA:18,0
DA:21,0
DA:22,0
DA:86,0
DA:87,0
DA:88,0
DA:89,0
DA:90,0
DA:91,0
DA:92,0
DA:93,0
DA:94,0
DA:95,0
DA:96,0
DA:103,0
DA:107,0
DA:108,0
DA:113,0
DA:114,0
DA:132,0
DA:133,0
DA:137,0
DA:141,0
DA:142,0
DA:144,0
DA:169,0
DA:173,0
DA:174,0
DA:175,0
DA:177,0
DA:178,0
DA:187,0
DA:189,0
DA:190,0
DA:194,0
DA:195,0
DA:198,0
DA:203,0
DA:204,0
DA:209,0
DA:213,0
DA:214,0
DA:215,0
DA:233,0
DA:236,0
DA:237,0
DA:238,0
DA:239,0
DA:248,0
DA:252,0
DA:253,0
DA:255,0
DA:257,0
DA:262,0
DA:265,0
DA:268,0
DA:269,0
DA:270,0
DA:279,0
DA:283,0
DA:287,0
DA:291,0
DA:292,0
DA:297,0
DA:298,0
DA:303,0
DA:304,0
DA:306,0
DA:313,0
DA:316,0
DA:317,0
DA:318,0
DA:320,0
DA:326,0
DA:327,0
DA:328,0
DA:331,0
DA:332,0
DA:335,0
DA:336,0
DA:337,0
DA:338,0
DA:343,0
DA:344,0
DA:347,0
DA:348,0
DA:352,0
DA:357,0
DA:358,0
DA:359,0
DA:367,0
DA:368,0
DA:372,0
DA:373,0
DA:374,0
DA:378,0
DA:379,0
DA:381,0
DA:382,0
DA:383,0
DA:388,0
DA:389,0
DA:390,0
DA:397,0
DA:398,0
DA:402,0
DA:404,0
DA:405,0
DA:408,0
DA:409,0
DA:412,0
DA:413,0
DA:417,0
DA:422,0
DA:423,0
DA:424,0
DA:431,0
DA:432,0
DA:436,0
DA:437,0
DA:438,0
DA:442,0
DA:443,0
DA:444,0
DA:450,0
DA:451,0
DA:454,0
DA:455,0
DA:456,0
DA:459,0
DA:460,0
DA:461,0
DA:463,0
DA:466,0
DA:468,0
DA:469,0
DA:471,0
DA:472,0
DA:474,0
DA:475,0
DA:479,0
DA:480,0
DA:494,0
DA:495,0
DA:498,0
DA:500,0
DA:501,0
DA:503,0
DA:504,0
DA:506,0
DA:507,0
DA:511,0
DA:521,0
DA:522,0
DA:533,0
DA:534,0
DA:538,0
DA:539,0
DA:543,0
DA:544,0
DA:548,0
DA:552,0
DA:553,0
DA:554,0
DA:556,0
DA:581,0
DA:583,0
DA:584,0
DA:589,0
DA:590,0
DA:591,0
DA:592,0
DA:596,0
DA:597,0
DA:606,0
DA:612,0
DA:615,0
DA:617,0
DA:618,0
DA:623,0
DA:624,0
DA:625,0
DA:628,0
DA:634,0
DA:639,0
DA:641,0
DA:642,0
DA:648,0
DA:649,0
DA:653,0
DA:657,0
DA:661,0
DA:665,0
DA:669,0
DA:670,0
DA:674,0
DA:678,0
DA:682,0
DA:686,0
DA:687,0
DA:702,0
DA:704,0
DA:707,0
DA:708,0
DA:709,0
DA:711,0
DA:717,0
DA:718,0
DA:719,0
DA:722,0
DA:723,0
DA:726,0
DA:727,0
DA:728,0
DA:729,0
DA:734,0
DA:735,0
DA:738,0
DA:739,0
DA:743,0
DA:748,0
DA:752,0
DA:756,0
DA:762,0
DA:765,0
DA:770,0
DA:774,0
DA:778,0
DA:781,0
DA:782,0
DA:785,0
DA:786,0
DA:789,0
DA:790,0
DA:794,0
DA:799,0
DA:805,0
DA:809,0
DA:815,0
DA:823,0
DA:824,0
DA:827,0
DA:828,0
DA:829,0
DA:832,0
DA:833,0
DA:834,0
DA:836,0
DA:839,0
DA:841,0
DA:842,0
DA:844,0
DA:845,0
DA:847,0
DA:848,0
DA:852,0
DA:853,0
DA:867,0
DA:868,0
DA:871,0
DA:873,0
DA:874,0
DA:876,0
DA:877,0
DA:879,0
DA:880,0
DA:884,0
DA:890,0
LF:269
LH:0
BRDA:22,0,0,0
BRDA:22,0,1,0
BRDA:119,1,0,0
BRDA:119,1,1,0
BRDA:122,2,0,0
BRDA:122,2,1,0
BRDA:123,3,0,0
BRDA:123,3,1,0
BRDA:142,4,0,0
BRDA:142,4,1,0
BRDA:142,5,0,0
BRDA:142,5,1,0
BRDA:169,6,0,0
BRDA:169,6,1,0
BRDA:174,7,0,0
BRDA:174,7,1,0
BRDA:177,8,0,0
BRDA:177,8,1,0
BRDA:195,9,0,0
BRDA:195,9,1,0
BRDA:219,10,0,0
BRDA:219,10,1,0
BRDA:220,11,0,0
BRDA:220,11,1,0
BRDA:221,12,0,0
BRDA:221,12,1,0
BRDA:222,13,0,0
BRDA:222,13,1,0
BRDA:223,14,0,0
BRDA:223,14,1,0
BRDA:225,15,0,0
BRDA:225,15,1,0
BRDA:226,16,0,0
BRDA:226,16,1,0
BRDA:227,17,0,0
BRDA:227,17,1,0
BRDA:228,18,0,0
BRDA:228,18,1,0
BRDA:230,19,0,0
BRDA:230,19,1,0
BRDA:236,20,0,0
BRDA:236,20,1,0
BRDA:236,21,0,0
BRDA:236,21,1,0
BRDA:238,22,0,0
BRDA:238,22,1,0
BRDA:253,23,0,0
BRDA:253,23,1,0
BRDA:265,24,0,0
BRDA:265,24,1,0
BRDA:265,25,0,0
BRDA:265,25,1,0
BRDA:265,25,2,0
BRDA:269,26,0,0
BRDA:269,26,1,0
BRDA:306,27,0,0
BRDA:306,27,1,0
BRDA:306,27,2,0
BRDA:306,27,3,0
BRDA:316,28,0,0
BRDA:316,28,1,0
BRDA:320,29,0,0
BRDA:320,29,1,0
BRDA:320,29,2,0
BRDA:326,30,0,0
BRDA:326,30,1,0
BRDA:327,31,0,0
BRDA:327,31,1,0
BRDA:327,32,0,0
BRDA:327,32,1,0
BRDA:331,33,0,0
BRDA:331,33,1,0
BRDA:331,34,0,0
BRDA:331,34,1,0
BRDA:335,35,0,0
BRDA:335,35,1,0
BRDA:338,36,0,0
BRDA:338,36,1,0
BRDA:343,37,0,0
BRDA:343,37,1,0
BRDA:347,38,0,0
BRDA:347,38,1,0
BRDA:363,39,0,0
BRDA:363,39,1,0
BRDA:364,40,0,0
BRDA:364,40,1,0
BRDA:379,41,0,0
BRDA:379,41,1,0
BRDA:394,42,0,0
BRDA:394,42,1,0
BRDA:404,43,0,0
BRDA:404,43,1,0
BRDA:408,44,0,0
BRDA:408,44,1,0
BRDA:412,45,0,0
BRDA:412,45,1,0
BRDA:428,46,0,0
BRDA:428,46,1,0
BRDA:450,47,0,0
BRDA:450,47,1,0
BRDA:450,48,0,0
BRDA:450,48,1,0
BRDA:454,49,0,0
BRDA:454,49,1,0
BRDA:455,50,0,0
BRDA:455,50,1,0
BRDA:455,51,0,0
BRDA:455,51,1,0
BRDA:455,51,2,0
BRDA:461,52,0,0
BRDA:461,52,1,0
BRDA:466,53,0,0
BRDA:466,53,1,0
BRDA:466,53,2,0
BRDA:498,54,0,0
BRDA:498,54,1,0
BRDA:498,54,2,0
BRDA:554,55,0,0
BRDA:554,55,1,0
BRDA:554,56,0,0
BRDA:554,56,1,0
BRDA:581,57,0,0
BRDA:581,57,1,0
BRDA:591,58,0,0
BRDA:591,58,1,0
BRDA:596,59,0,0
BRDA:596,59,1,0
BRDA:625,60,0,0
BRDA:625,60,1,0
BRDA:707,61,0,0
BRDA:707,61,1,0
BRDA:711,62,0,0
BRDA:711,62,1,0
BRDA:711,62,2,0
BRDA:717,63,0,0
BRDA:717,63,1,0
BRDA:718,64,0,0
BRDA:718,64,1,0
BRDA:718,65,0,0
BRDA:718,65,1,0
BRDA:722,66,0,0
BRDA:722,66,1,0
BRDA:722,67,0,0
BRDA:722,67,1,0
BRDA:726,68,0,0
BRDA:726,68,1,0
BRDA:729,69,0,0
BRDA:729,69,1,0
BRDA:734,70,0,0
BRDA:734,70,1,0
BRDA:738,71,0,0
BRDA:738,71,1,0
BRDA:781,72,0,0
BRDA:781,72,1,0
BRDA:785,73,0,0
BRDA:785,73,1,0
BRDA:789,74,0,0
BRDA:789,74,1,0
BRDA:802,75,0,0
BRDA:802,75,1,0
BRDA:823,76,0,0
BRDA:823,76,1,0
BRDA:823,77,0,0
BRDA:823,77,1,0
BRDA:827,78,0,0
BRDA:827,78,1,0
BRDA:828,79,0,0
BRDA:828,79,1,0
BRDA:828,80,0,0
BRDA:828,80,1,0
BRDA:828,80,2,0
BRDA:834,81,0,0
BRDA:834,81,1,0
BRDA:839,82,0,0
BRDA:839,82,1,0
BRDA:839,82,2,0
BRDA:871,83,0,0
BRDA:871,83,1,0
BRDA:871,83,2,0
BRF:179
BRH:0
end_of_record
TN:
SF:server\taskManager.ts
FN:19,(anonymous_0)
FN:50,(anonymous_1)
FN:119,(anonymous_2)
FN:145,(anonymous_3)
FN:153,(anonymous_4)
FN:205,(anonymous_5)
FN:210,(anonymous_6)
FN:222,(anonymous_7)
FNF:8
FNH:0
FNDA:0,(anonymous_0)
FNDA:0,(anonymous_1)
FNDA:0,(anonymous_2)
FNDA:0,(anonymous_3)
FNDA:0,(anonymous_4)
FNDA:0,(anonymous_5)
FNDA:0,(anonymous_6)
FNDA:0,(anonymous_7)
DA:12,0
DA:21,0
DA:24,0
DA:35,0
DA:37,0
DA:40,0
DA:52,0
DA:53,0
DA:54,0
DA:58,0
DA:59,0
DA:60,0
DA:64,0
DA:65,0
DA:68,0
DA:70,0
DA:71,0
DA:77,0
DA:78,0
DA:85,0
DA:86,0
DA:93,0
DA:102,0
DA:107,0
DA:110,0
DA:121,0
DA:122,0
DA:123,0
DA:127,0
DA:129,0
DA:131,0
DA:138,0
DA:146,0
DA:160,0
DA:161,0
DA:164,0
DA:165,0
DA:168,0
DA:169,0
DA:172,0
DA:173,0
DA:174,0
DA:176,0
DA:177,0
DA:181,0
DA:182,0
DA:183,0
DA:186,0
DA:187,0
DA:190,0
DA:191,0
DA:194,0
DA:198,0
DA:206,0
DA:209,0
DA:210,0
DA:212,0
DA:213,0
DA:223,0
DA:224,0
DA:226,0
DA:227,0
LF:62
LH:0
BRDA:35,0,0,0
BRDA:35,0,1,0
BRDA:35,1,0,0
BRDA:35,1,1,0
BRDA:53,2,0,0
BRDA:53,2,1,0
BRDA:59,3,0,0
BRDA:59,3,1,0
BRDA:68,4,0,0
BRDA:68,4,1,0
BRDA:68,5,0,0
BRDA:68,5,1,0
BRDA:70,6,0,0
BRDA:70,6,1,0
BRDA:77,7,0,0
BRDA:77,7,1,0
BRDA:77,8,0,0
BRDA:77,8,1,0
BRDA:85,9,0,0
BRDA:85,9,1,0
BRDA:102,10,0,0
BRDA:102,10,1,0
BRDA:102,11,0,0
BRDA:102,11,1,0
BRDA:102,11,2,0
BRDA:102,11,3,0
BRDA:122,12,0,0
BRDA:122,12,1,0
BRDA:129,13,0,0
BRDA:129,13,1,0
BRDA:160,14,0,0
BRDA:160,14,1,0
BRDA:160,15,0,0
BRDA:160,15,1,0
BRDA:164,16,0,0
BRDA:164,16,1,0
BRDA:164,17,0,0
BRDA:164,17,1,0
BRDA:168,18,0,0
BRDA:168,18,1,0
BRDA:168,19,0,0
BRDA:168,19,1,0
BRDA:172,20,0,0
BRDA:172,20,1,0
BRDA:173,21,0,0
BRDA:173,21,1,0
BRDA:174,22,0,0
BRDA:174,22,1,0
BRDA:176,23,0,0
BRDA:176,23,1,0
BRDA:181,24,0,0
BRDA:181,24,1,0
BRDA:181,25,0,0
BRDA:181,25,1,0
BRDA:186,26,0,0
BRDA:186,26,1,0
BRDA:186,27,0,0
BRDA:186,27,1,0
BRDA:190,28,0,0
BRDA:190,28,1,0
BRF:60
BRH:0
end_of_record
TN:
SF:server\taskNotifications.ts
FN:16,createTaskNotificationSystem
FN:19,(anonymous_1)
FN:31,(anonymous_2)
FN:50,(anonymous_3)
FN:65,(anonymous_4)
FN:80,(anonymous_5)
FNF:6
FNH:0
FNDA:0,createTaskNotificationSystem
FNDA:0,(anonymous_1)
FNDA:0,(anonymous_2)
FNDA:0,(anonymous_3)
FNDA:0,(anonymous_4)
FNDA:0,(anonymous_5)
DA:19,0
DA:20,0
DA:22,0
DA:23,0
DA:24,0
DA:27,0
DA:28,0
DA:29,0
DA:31,0
DA:32,0
DA:33,0
DA:38,0
DA:42,0
DA:44,0
DA:45,0
DA:50,0
DA:51,0
DA:53,0
DA:61,0
DA:65,0
DA:66,0
DA:68,0
DA:76,0
DA:80,0
DA:81,0
DA:83,0
DA:91,0
DA:95,0
DA:102,0
LF:29
LH:0
BRDA:22,0,0,0
BRDA:22,0,1,0
BRDA:32,1,0,0
BRDA:32,1,1,0
BRDA:51,2,0,0
BRDA:51,2,1,0
BRDA:51,3,0,0
BRDA:51,3,1,0
BRDA:66,4,0,0
BRDA:66,4,1,0
BRDA:66,5,0,0
BRDA:66,5,1,0
BRDA:81,6,0,0
BRDA:81,6,1,0
BRDA:81,7,0,0
BRDA:81,7,1,0
BRF:16
BRH:0
end_of_record
TN:
SF:server\vite.ts
FN:16,log
FN:20,setupVite
FN:32,serveStatic
FN:33,(anonymous_3)
FNF:4
FNH:0
FNDA:0,log
FNDA:0,setupVite
FNDA:0,serveStatic
FNDA:0,(anonymous_3)
DA:11,0
DA:12,0
DA:14,0
DA:17,0
DA:21,0
DA:29,0
DA:33,0
DA:34,0
DA:35,0
DA:40,0
DA:42,0
DA:45,0
DA:48,0
DA:49,0
LF:14
LH:0
BRDA:34,0,0,0
BRDA:34,0,1,0
BRDA:40,1,0,0
BRDA:40,1,1,0
BRF:4
BRH:0
end_of_record
